<?xml version="1.0" encoding="UTF-8"?>
<testsuite name="KarateRunnerTest" tests="1" skipped="0" failures="0" errors="0" timestamp="2021-02-05T10:32:51" hostname="DESKTOP-JBEKD3U" time="3.875">
  <properties/>
  <testcase name="testrunAll()" classname="KarateRunnerTest" time="3.875"/>
  <system-out><![CDATA[02:32:52.098 [Test worker] INFO com.intuit.karate.Runner - waiting for parallel features to complete ...
02:32:52.317 [pool-1-thread-7] INFO com.intuit.karate - From karate-config file 
02:32:52.364 [pool-1-thread-7] DEBUG com.jayway.jsonpath.internal.path.CompiledPath - Evaluating path: $
02:32:52.379 [pool-1-thread-7] INFO com.intuit.karate - after scenario inside config 
02:32:52.395 [pool-1-thread-7] DEBUG com.jayway.jsonpath.internal.path.CompiledPath - Evaluating path: $
02:32:52.411 [ForkJoinPool-1-worker-9] INFO com.intuit.karate - From karate-config file 
02:32:52.411 [ForkJoinPool-1-worker-9] DEBUG com.jayway.jsonpath.internal.path.CompiledPath - Evaluating path: $
02:32:52.426 [ForkJoinPool-1-worker-2] INFO com.intuit.karate - From karate-config file 
02:32:52.426 [ForkJoinPool-1-worker-2] DEBUG com.jayway.jsonpath.internal.path.CompiledPath - Evaluating path: $
02:32:52.707 [ForkJoinPool-1-worker-9] DEBUG org.apache.http.client.protocol.RequestAddCookies - CookieSpec selected: karate
02:32:52.707 [ForkJoinPool-1-worker-11] DEBUG org.apache.http.client.protocol.RequestAddCookies - CookieSpec selected: karate
02:32:52.707 [ForkJoinPool-1-worker-2] DEBUG org.apache.http.client.protocol.RequestAddCookies - CookieSpec selected: karate
02:32:52.707 [ForkJoinPool-1-worker-4] DEBUG org.apache.http.client.protocol.RequestAddCookies - CookieSpec selected: karate
02:32:52.707 [ForkJoinPool-1-worker-11] DEBUG org.apache.http.client.protocol.RequestAuthCache - Auth cache not set in the context
02:32:52.707 [ForkJoinPool-1-worker-2] DEBUG org.apache.http.client.protocol.RequestAuthCache - Auth cache not set in the context
02:32:52.707 [ForkJoinPool-1-worker-9] DEBUG org.apache.http.client.protocol.RequestAuthCache - Auth cache not set in the context
02:32:52.707 [ForkJoinPool-1-worker-4] DEBUG org.apache.http.client.protocol.RequestAuthCache - Auth cache not set in the context
02:32:52.707 [ForkJoinPool-1-worker-4] DEBUG com.intuit.karate - request:
1 > POST https://www.w3schools.com/xml/tempconvert.asmx/CelsiusToFahrenheit
1 > Accept-Encoding: gzip,deflate
1 > Connection: Keep-Alive
1 > Content-Length: 12
1 > Content-Type: application/x-www-form-urlencoded; charset=UTF-8
1 > Host: www.w3schools.com
1 > User-Agent: Apache-HttpClient/4.5.12 (Java/1.8.0_251)
Celsius = 37

02:32:52.707 [ForkJoinPool-1-worker-2] DEBUG com.intuit.karate - request:
1 > POST https://www.w3schools.com/xml/tempconvert.asmx/CelsiusToFahrenheit
1 > Accept-Encoding: gzip,deflate
1 > Connection: Keep-Alive
1 > Content-Length: 12
1 > Content-Type: application/x-www-form-urlencoded; charset=UTF-8
1 > Host: www.w3schools.com
1 > User-Agent: Apache-HttpClient/4.5.12 (Java/1.8.0_251)
Celsius = 40

02:32:52.707 [ForkJoinPool-1-worker-9] DEBUG com.intuit.karate - request:
1 > POST https://www.w3schools.com/xml/tempconvert.asmx/CelsiusToFahrenheit
1 > Accept-Encoding: gzip,deflate
1 > Connection: Keep-Alive
1 > Content-Length: 12
1 > Content-Type: application/x-www-form-urlencoded; charset=UTF-8
1 > Host: www.w3schools.com
1 > User-Agent: Apache-HttpClient/4.5.12 (Java/1.8.0_251)
Celsius = 37

02:32:52.723 [ForkJoinPool-1-worker-4] DEBUG org.apache.http.impl.conn.PoolingHttpClientConnectionManager - Connection request: [route: {s}->https://www.w3schools.com:443][total available: 0; route allocated: 0 of 5; total allocated: 0 of 10]
02:32:52.707 [ForkJoinPool-1-worker-11] DEBUG com.intuit.karate - request:
1 > POST https://www.w3schools.com/xml/tempconvert.asmx/CelsiusToFahrenheit
1 > Accept-Encoding: gzip,deflate
1 > Connection: Keep-Alive
1 > Content-Length: 12
1 > Content-Type: application/x-www-form-urlencoded; charset=UTF-8
1 > Host: www.w3schools.com
1 > User-Agent: Apache-HttpClient/4.5.12 (Java/1.8.0_251)
Celsius = 40

02:32:52.723 [ForkJoinPool-1-worker-11] DEBUG org.apache.http.impl.conn.PoolingHttpClientConnectionManager - Connection request: [route: {s}->https://www.w3schools.com:443][total available: 0; route allocated: 0 of 5; total allocated: 0 of 10]
02:32:52.723 [ForkJoinPool-1-worker-2] DEBUG org.apache.http.impl.conn.PoolingHttpClientConnectionManager - Connection request: [route: {s}->https://www.w3schools.com:443][total available: 0; route allocated: 0 of 5; total allocated: 0 of 10]
02:32:52.723 [ForkJoinPool-1-worker-9] DEBUG org.apache.http.impl.conn.PoolingHttpClientConnectionManager - Connection request: [route: {s}->https://www.w3schools.com:443][total available: 0; route allocated: 0 of 5; total allocated: 0 of 10]
02:32:52.723 [ForkJoinPool-1-worker-9] DEBUG org.apache.http.impl.conn.PoolingHttpClientConnectionManager - Connection leased: [id: 0][route: {s}->https://www.w3schools.com:443][total available: 0; route allocated: 1 of 5; total allocated: 1 of 10]
02:32:52.739 [ForkJoinPool-1-worker-2] DEBUG org.apache.http.impl.conn.PoolingHttpClientConnectionManager - Connection leased: [id: 1][route: {s}->https://www.w3schools.com:443][total available: 0; route allocated: 1 of 5; total allocated: 1 of 10]
02:32:52.739 [ForkJoinPool-1-worker-11] DEBUG org.apache.http.impl.conn.PoolingHttpClientConnectionManager - Connection leased: [id: 2][route: {s}->https://www.w3schools.com:443][total available: 0; route allocated: 1 of 5; total allocated: 1 of 10]
02:32:52.739 [ForkJoinPool-1-worker-4] DEBUG org.apache.http.impl.conn.PoolingHttpClientConnectionManager - Connection leased: [id: 3][route: {s}->https://www.w3schools.com:443][total available: 0; route allocated: 1 of 5; total allocated: 1 of 10]
02:32:52.739 [ForkJoinPool-1-worker-9] DEBUG org.apache.http.impl.execchain.MainClientExec - Opening connection {s}->https://www.w3schools.com:443
02:32:52.739 [ForkJoinPool-1-worker-2] DEBUG org.apache.http.impl.execchain.MainClientExec - Opening connection {s}->https://www.w3schools.com:443
02:32:52.739 [ForkJoinPool-1-worker-11] DEBUG org.apache.http.impl.execchain.MainClientExec - Opening connection {s}->https://www.w3schools.com:443
02:32:52.739 [ForkJoinPool-1-worker-4] DEBUG org.apache.http.impl.execchain.MainClientExec - Opening connection {s}->https://www.w3schools.com:443
02:32:52.754 [ForkJoinPool-1-worker-4] DEBUG org.apache.http.impl.conn.DefaultHttpClientConnectionOperator - Connecting to www.w3schools.com/192.229.179.87:443
02:32:52.754 [ForkJoinPool-1-worker-9] DEBUG org.apache.http.impl.conn.DefaultHttpClientConnectionOperator - Connecting to www.w3schools.com/192.229.179.87:443
02:32:52.754 [ForkJoinPool-1-worker-4] DEBUG org.apache.http.conn.ssl.SSLConnectionSocketFactory - Connecting socket to www.w3schools.com/192.229.179.87:443 with timeout 5000
02:32:52.754 [ForkJoinPool-1-worker-11] DEBUG org.apache.http.impl.conn.DefaultHttpClientConnectionOperator - Connecting to www.w3schools.com/192.229.179.87:443
02:32:52.754 [ForkJoinPool-1-worker-11] DEBUG org.apache.http.conn.ssl.SSLConnectionSocketFactory - Connecting socket to www.w3schools.com/192.229.179.87:443 with timeout 5000
02:32:52.754 [ForkJoinPool-1-worker-2] DEBUG org.apache.http.impl.conn.DefaultHttpClientConnectionOperator - Connecting to www.w3schools.com/192.229.179.87:443
02:32:52.754 [ForkJoinPool-1-worker-2] DEBUG org.apache.http.conn.ssl.SSLConnectionSocketFactory - Connecting socket to www.w3schools.com/192.229.179.87:443 with timeout 5000
02:32:52.754 [ForkJoinPool-1-worker-9] DEBUG org.apache.http.conn.ssl.SSLConnectionSocketFactory - Connecting socket to www.w3schools.com/192.229.179.87:443 with timeout 5000
02:32:52.817 [ForkJoinPool-1-worker-2] DEBUG org.apache.http.conn.ssl.SSLConnectionSocketFactory - Enabled protocols: [TLSv1, TLSv1.1, TLSv1.2]
02:32:52.817 [ForkJoinPool-1-worker-2] DEBUG org.apache.http.conn.ssl.SSLConnectionSocketFactory - Enabled cipher suites:[TLS_ECDHE_ECDSA_WITH_AES_256_CBC_SHA384, TLS_ECDHE_RSA_WITH_AES_256_CBC_SHA384, TLS_RSA_WITH_AES_256_CBC_SHA256, TLS_ECDH_ECDSA_WITH_AES_256_CBC_SHA384, TLS_ECDH_RSA_WITH_AES_256_CBC_SHA384, TLS_DHE_RSA_WITH_AES_256_CBC_SHA256, TLS_DHE_DSS_WITH_AES_256_CBC_SHA256, TLS_ECDHE_ECDSA_WITH_AES_256_CBC_SHA, TLS_ECDHE_RSA_WITH_AES_256_CBC_SHA, TLS_RSA_WITH_AES_256_CBC_SHA, TLS_ECDH_ECDSA_WITH_AES_256_CBC_SHA, TLS_ECDH_RSA_WITH_AES_256_CBC_SHA, TLS_DHE_RSA_WITH_AES_256_CBC_SHA, TLS_DHE_DSS_WITH_AES_256_CBC_SHA, TLS_ECDHE_ECDSA_WITH_AES_128_CBC_SHA256, TLS_ECDHE_RSA_WITH_AES_128_CBC_SHA256, TLS_RSA_WITH_AES_128_CBC_SHA256, TLS_ECDH_ECDSA_WITH_AES_128_CBC_SHA256, TLS_ECDH_RSA_WITH_AES_128_CBC_SHA256, TLS_DHE_RSA_WITH_AES_128_CBC_SHA256, TLS_DHE_DSS_WITH_AES_128_CBC_SHA256, TLS_ECDHE_ECDSA_WITH_AES_128_CBC_SHA, TLS_ECDHE_RSA_WITH_AES_128_CBC_SHA, TLS_RSA_WITH_AES_128_CBC_SHA, TLS_ECDH_ECDSA_WITH_AES_128_CBC_SHA, TLS_ECDH_RSA_WITH_AES_128_CBC_SHA, TLS_DHE_RSA_WITH_AES_128_CBC_SHA, TLS_DHE_DSS_WITH_AES_128_CBC_SHA, TLS_ECDHE_ECDSA_WITH_AES_256_GCM_SHA384, TLS_ECDHE_ECDSA_WITH_AES_128_GCM_SHA256, TLS_ECDHE_RSA_WITH_AES_256_GCM_SHA384, TLS_RSA_WITH_AES_256_GCM_SHA384, TLS_ECDH_ECDSA_WITH_AES_256_GCM_SHA384, TLS_ECDH_RSA_WITH_AES_256_GCM_SHA384, TLS_DHE_RSA_WITH_AES_256_GCM_SHA384, TLS_DHE_DSS_WITH_AES_256_GCM_SHA384, TLS_ECDHE_RSA_WITH_AES_128_GCM_SHA256, TLS_RSA_WITH_AES_128_GCM_SHA256, TLS_ECDH_ECDSA_WITH_AES_128_GCM_SHA256, TLS_ECDH_RSA_WITH_AES_128_GCM_SHA256, TLS_DHE_RSA_WITH_AES_128_GCM_SHA256, TLS_DHE_DSS_WITH_AES_128_GCM_SHA256, TLS_EMPTY_RENEGOTIATION_INFO_SCSV]
02:32:52.817 [ForkJoinPool-1-worker-2] DEBUG org.apache.http.conn.ssl.SSLConnectionSocketFactory - Starting handshake
02:32:52.832 [ForkJoinPool-1-worker-11] DEBUG org.apache.http.conn.ssl.SSLConnectionSocketFactory - Enabled protocols: [TLSv1, TLSv1.1, TLSv1.2]
02:32:52.832 [ForkJoinPool-1-worker-11] DEBUG org.apache.http.conn.ssl.SSLConnectionSocketFactory - Enabled cipher suites:[TLS_ECDHE_ECDSA_WITH_AES_256_CBC_SHA384, TLS_ECDHE_RSA_WITH_AES_256_CBC_SHA384, TLS_RSA_WITH_AES_256_CBC_SHA256, TLS_ECDH_ECDSA_WITH_AES_256_CBC_SHA384, TLS_ECDH_RSA_WITH_AES_256_CBC_SHA384, TLS_DHE_RSA_WITH_AES_256_CBC_SHA256, TLS_DHE_DSS_WITH_AES_256_CBC_SHA256, TLS_ECDHE_ECDSA_WITH_AES_256_CBC_SHA, TLS_ECDHE_RSA_WITH_AES_256_CBC_SHA, TLS_RSA_WITH_AES_256_CBC_SHA, TLS_ECDH_ECDSA_WITH_AES_256_CBC_SHA, TLS_ECDH_RSA_WITH_AES_256_CBC_SHA, TLS_DHE_RSA_WITH_AES_256_CBC_SHA, TLS_DHE_DSS_WITH_AES_256_CBC_SHA, TLS_ECDHE_ECDSA_WITH_AES_128_CBC_SHA256, TLS_ECDHE_RSA_WITH_AES_128_CBC_SHA256, TLS_RSA_WITH_AES_128_CBC_SHA256, TLS_ECDH_ECDSA_WITH_AES_128_CBC_SHA256, TLS_ECDH_RSA_WITH_AES_128_CBC_SHA256, TLS_DHE_RSA_WITH_AES_128_CBC_SHA256, TLS_DHE_DSS_WITH_AES_128_CBC_SHA256, TLS_ECDHE_ECDSA_WITH_AES_128_CBC_SHA, TLS_ECDHE_RSA_WITH_AES_128_CBC_SHA, TLS_RSA_WITH_AES_128_CBC_SHA, TLS_ECDH_ECDSA_WITH_AES_128_CBC_SHA, TLS_ECDH_RSA_WITH_AES_128_CBC_SHA, TLS_DHE_RSA_WITH_AES_128_CBC_SHA, TLS_DHE_DSS_WITH_AES_128_CBC_SHA, TLS_ECDHE_ECDSA_WITH_AES_256_GCM_SHA384, TLS_ECDHE_ECDSA_WITH_AES_128_GCM_SHA256, TLS_ECDHE_RSA_WITH_AES_256_GCM_SHA384, TLS_RSA_WITH_AES_256_GCM_SHA384, TLS_ECDH_ECDSA_WITH_AES_256_GCM_SHA384, TLS_ECDH_RSA_WITH_AES_256_GCM_SHA384, TLS_DHE_RSA_WITH_AES_256_GCM_SHA384, TLS_DHE_DSS_WITH_AES_256_GCM_SHA384, TLS_ECDHE_RSA_WITH_AES_128_GCM_SHA256, TLS_RSA_WITH_AES_128_GCM_SHA256, TLS_ECDH_ECDSA_WITH_AES_128_GCM_SHA256, TLS_ECDH_RSA_WITH_AES_128_GCM_SHA256, TLS_DHE_RSA_WITH_AES_128_GCM_SHA256, TLS_DHE_DSS_WITH_AES_128_GCM_SHA256, TLS_EMPTY_RENEGOTIATION_INFO_SCSV]
02:32:52.832 [ForkJoinPool-1-worker-11] DEBUG org.apache.http.conn.ssl.SSLConnectionSocketFactory - Starting handshake
02:32:52.832 [ForkJoinPool-1-worker-9] DEBUG org.apache.http.conn.ssl.SSLConnectionSocketFactory - Enabled protocols: [TLSv1, TLSv1.1, TLSv1.2]
02:32:52.832 [ForkJoinPool-1-worker-9] DEBUG org.apache.http.conn.ssl.SSLConnectionSocketFactory - Enabled cipher suites:[TLS_ECDHE_ECDSA_WITH_AES_256_CBC_SHA384, TLS_ECDHE_RSA_WITH_AES_256_CBC_SHA384, TLS_RSA_WITH_AES_256_CBC_SHA256, TLS_ECDH_ECDSA_WITH_AES_256_CBC_SHA384, TLS_ECDH_RSA_WITH_AES_256_CBC_SHA384, TLS_DHE_RSA_WITH_AES_256_CBC_SHA256, TLS_DHE_DSS_WITH_AES_256_CBC_SHA256, TLS_ECDHE_ECDSA_WITH_AES_256_CBC_SHA, TLS_ECDHE_RSA_WITH_AES_256_CBC_SHA, TLS_RSA_WITH_AES_256_CBC_SHA, TLS_ECDH_ECDSA_WITH_AES_256_CBC_SHA, TLS_ECDH_RSA_WITH_AES_256_CBC_SHA, TLS_DHE_RSA_WITH_AES_256_CBC_SHA, TLS_DHE_DSS_WITH_AES_256_CBC_SHA, TLS_ECDHE_ECDSA_WITH_AES_128_CBC_SHA256, TLS_ECDHE_RSA_WITH_AES_128_CBC_SHA256, TLS_RSA_WITH_AES_128_CBC_SHA256, TLS_ECDH_ECDSA_WITH_AES_128_CBC_SHA256, TLS_ECDH_RSA_WITH_AES_128_CBC_SHA256, TLS_DHE_RSA_WITH_AES_128_CBC_SHA256, TLS_DHE_DSS_WITH_AES_128_CBC_SHA256, TLS_ECDHE_ECDSA_WITH_AES_128_CBC_SHA, TLS_ECDHE_RSA_WITH_AES_128_CBC_SHA, TLS_RSA_WITH_AES_128_CBC_SHA, TLS_ECDH_ECDSA_WITH_AES_128_CBC_SHA, TLS_ECDH_RSA_WITH_AES_128_CBC_SHA, TLS_DHE_RSA_WITH_AES_128_CBC_SHA, TLS_DHE_DSS_WITH_AES_128_CBC_SHA, TLS_ECDHE_ECDSA_WITH_AES_256_GCM_SHA384, TLS_ECDHE_ECDSA_WITH_AES_128_GCM_SHA256, TLS_ECDHE_RSA_WITH_AES_256_GCM_SHA384, TLS_RSA_WITH_AES_256_GCM_SHA384, TLS_ECDH_ECDSA_WITH_AES_256_GCM_SHA384, TLS_ECDH_RSA_WITH_AES_256_GCM_SHA384, TLS_DHE_RSA_WITH_AES_256_GCM_SHA384, TLS_DHE_DSS_WITH_AES_256_GCM_SHA384, TLS_ECDHE_RSA_WITH_AES_128_GCM_SHA256, TLS_RSA_WITH_AES_128_GCM_SHA256, TLS_ECDH_ECDSA_WITH_AES_128_GCM_SHA256, TLS_ECDH_RSA_WITH_AES_128_GCM_SHA256, TLS_DHE_RSA_WITH_AES_128_GCM_SHA256, TLS_DHE_DSS_WITH_AES_128_GCM_SHA256, TLS_EMPTY_RENEGOTIATION_INFO_SCSV]
02:32:52.832 [ForkJoinPool-1-worker-9] DEBUG org.apache.http.conn.ssl.SSLConnectionSocketFactory - Starting handshake
02:32:52.832 [ForkJoinPool-1-worker-4] DEBUG org.apache.http.conn.ssl.SSLConnectionSocketFactory - Enabled protocols: [TLSv1, TLSv1.1, TLSv1.2]
02:32:52.832 [ForkJoinPool-1-worker-4] DEBUG org.apache.http.conn.ssl.SSLConnectionSocketFactory - Enabled cipher suites:[TLS_ECDHE_ECDSA_WITH_AES_256_CBC_SHA384, TLS_ECDHE_RSA_WITH_AES_256_CBC_SHA384, TLS_RSA_WITH_AES_256_CBC_SHA256, TLS_ECDH_ECDSA_WITH_AES_256_CBC_SHA384, TLS_ECDH_RSA_WITH_AES_256_CBC_SHA384, TLS_DHE_RSA_WITH_AES_256_CBC_SHA256, TLS_DHE_DSS_WITH_AES_256_CBC_SHA256, TLS_ECDHE_ECDSA_WITH_AES_256_CBC_SHA, TLS_ECDHE_RSA_WITH_AES_256_CBC_SHA, TLS_RSA_WITH_AES_256_CBC_SHA, TLS_ECDH_ECDSA_WITH_AES_256_CBC_SHA, TLS_ECDH_RSA_WITH_AES_256_CBC_SHA, TLS_DHE_RSA_WITH_AES_256_CBC_SHA, TLS_DHE_DSS_WITH_AES_256_CBC_SHA, TLS_ECDHE_ECDSA_WITH_AES_128_CBC_SHA256, TLS_ECDHE_RSA_WITH_AES_128_CBC_SHA256, TLS_RSA_WITH_AES_128_CBC_SHA256, TLS_ECDH_ECDSA_WITH_AES_128_CBC_SHA256, TLS_ECDH_RSA_WITH_AES_128_CBC_SHA256, TLS_DHE_RSA_WITH_AES_128_CBC_SHA256, TLS_DHE_DSS_WITH_AES_128_CBC_SHA256, TLS_ECDHE_ECDSA_WITH_AES_128_CBC_SHA, TLS_ECDHE_RSA_WITH_AES_128_CBC_SHA, TLS_RSA_WITH_AES_128_CBC_SHA, TLS_ECDH_ECDSA_WITH_AES_128_CBC_SHA, TLS_ECDH_RSA_WITH_AES_128_CBC_SHA, TLS_DHE_RSA_WITH_AES_128_CBC_SHA, TLS_DHE_DSS_WITH_AES_128_CBC_SHA, TLS_ECDHE_ECDSA_WITH_AES_256_GCM_SHA384, TLS_ECDHE_ECDSA_WITH_AES_128_GCM_SHA256, TLS_ECDHE_RSA_WITH_AES_256_GCM_SHA384, TLS_RSA_WITH_AES_256_GCM_SHA384, TLS_ECDH_ECDSA_WITH_AES_256_GCM_SHA384, TLS_ECDH_RSA_WITH_AES_256_GCM_SHA384, TLS_DHE_RSA_WITH_AES_256_GCM_SHA384, TLS_DHE_DSS_WITH_AES_256_GCM_SHA384, TLS_ECDHE_RSA_WITH_AES_128_GCM_SHA256, TLS_RSA_WITH_AES_128_GCM_SHA256, TLS_ECDH_ECDSA_WITH_AES_128_GCM_SHA256, TLS_ECDH_RSA_WITH_AES_128_GCM_SHA256, TLS_DHE_RSA_WITH_AES_128_GCM_SHA256, TLS_DHE_DSS_WITH_AES_128_GCM_SHA256, TLS_EMPTY_RENEGOTIATION_INFO_SCSV]
02:32:52.832 [ForkJoinPool-1-worker-4] DEBUG org.apache.http.conn.ssl.SSLConnectionSocketFactory - Starting handshake
02:32:52.926 [ForkJoinPool-1-worker-11] DEBUG org.apache.http.conn.ssl.SSLConnectionSocketFactory - Secure session established
02:32:52.926 [ForkJoinPool-1-worker-9] DEBUG org.apache.http.conn.ssl.SSLConnectionSocketFactory - Secure session established
02:32:52.926 [ForkJoinPool-1-worker-11] DEBUG org.apache.http.conn.ssl.SSLConnectionSocketFactory -  negotiated protocol: TLSv1.2
02:32:52.926 [ForkJoinPool-1-worker-9] DEBUG org.apache.http.conn.ssl.SSLConnectionSocketFactory -  negotiated protocol: TLSv1.2
02:32:52.926 [ForkJoinPool-1-worker-11] DEBUG org.apache.http.conn.ssl.SSLConnectionSocketFactory -  negotiated cipher suite: TLS_ECDHE_RSA_WITH_AES_128_GCM_SHA256
02:32:52.926 [ForkJoinPool-1-worker-9] DEBUG org.apache.http.conn.ssl.SSLConnectionSocketFactory -  negotiated cipher suite: TLS_ECDHE_RSA_WITH_AES_128_GCM_SHA256
02:32:52.926 [ForkJoinPool-1-worker-11] DEBUG org.apache.http.conn.ssl.SSLConnectionSocketFactory -  peer principal: CN=*.w3schools.com, OU=IT, O="Verizon Digital Media Services, Inc.", L=Los Angeles, ST=California, C=US
02:32:52.926 [ForkJoinPool-1-worker-11] DEBUG org.apache.http.conn.ssl.SSLConnectionSocketFactory -  peer alternative names: [*.w3schools.com, w3schools.com]
02:32:52.926 [ForkJoinPool-1-worker-11] DEBUG org.apache.http.conn.ssl.SSLConnectionSocketFactory -  issuer principal: CN=DigiCert SHA2 Secure Server CA, O=DigiCert Inc, C=US
02:32:52.926 [ForkJoinPool-1-worker-4] DEBUG org.apache.http.conn.ssl.SSLConnectionSocketFactory - Secure session established
02:32:52.926 [ForkJoinPool-1-worker-4] DEBUG org.apache.http.conn.ssl.SSLConnectionSocketFactory -  negotiated protocol: TLSv1.2
02:32:52.926 [ForkJoinPool-1-worker-2] DEBUG org.apache.http.conn.ssl.SSLConnectionSocketFactory - Secure session established
02:32:52.926 [ForkJoinPool-1-worker-9] DEBUG org.apache.http.conn.ssl.SSLConnectionSocketFactory -  peer principal: CN=*.w3schools.com, OU=IT, O="Verizon Digital Media Services, Inc.", L=Los Angeles, ST=California, C=US
02:32:52.926 [ForkJoinPool-1-worker-4] DEBUG org.apache.http.conn.ssl.SSLConnectionSocketFactory -  negotiated cipher suite: TLS_ECDHE_RSA_WITH_AES_128_GCM_SHA256
02:32:52.926 [ForkJoinPool-1-worker-9] DEBUG org.apache.http.conn.ssl.SSLConnectionSocketFactory -  peer alternative names: [*.w3schools.com, w3schools.com]
02:32:52.926 [ForkJoinPool-1-worker-4] DEBUG org.apache.http.conn.ssl.SSLConnectionSocketFactory -  peer principal: CN=*.w3schools.com, OU=IT, O="Verizon Digital Media Services, Inc.", L=Los Angeles, ST=California, C=US
02:32:52.926 [ForkJoinPool-1-worker-2] DEBUG org.apache.http.conn.ssl.SSLConnectionSocketFactory -  negotiated protocol: TLSv1.2
02:32:52.926 [ForkJoinPool-1-worker-9] DEBUG org.apache.http.conn.ssl.SSLConnectionSocketFactory -  issuer principal: CN=DigiCert SHA2 Secure Server CA, O=DigiCert Inc, C=US
02:32:52.926 [ForkJoinPool-1-worker-4] DEBUG org.apache.http.conn.ssl.SSLConnectionSocketFactory -  peer alternative names: [*.w3schools.com, w3schools.com]
02:32:52.926 [ForkJoinPool-1-worker-4] DEBUG org.apache.http.conn.ssl.SSLConnectionSocketFactory -  issuer principal: CN=DigiCert SHA2 Secure Server CA, O=DigiCert Inc, C=US
02:32:52.926 [ForkJoinPool-1-worker-2] DEBUG org.apache.http.conn.ssl.SSLConnectionSocketFactory -  negotiated cipher suite: TLS_ECDHE_RSA_WITH_AES_128_GCM_SHA256
02:32:52.926 [ForkJoinPool-1-worker-2] DEBUG org.apache.http.conn.ssl.SSLConnectionSocketFactory -  peer principal: CN=*.w3schools.com, OU=IT, O="Verizon Digital Media Services, Inc.", L=Los Angeles, ST=California, C=US
02:32:52.926 [ForkJoinPool-1-worker-2] DEBUG org.apache.http.conn.ssl.SSLConnectionSocketFactory -  peer alternative names: [*.w3schools.com, w3schools.com]
02:32:52.926 [ForkJoinPool-1-worker-2] DEBUG org.apache.http.conn.ssl.SSLConnectionSocketFactory -  issuer principal: CN=DigiCert SHA2 Secure Server CA, O=DigiCert Inc, C=US
02:32:52.942 [ForkJoinPool-1-worker-9] DEBUG org.apache.http.impl.conn.DefaultHttpClientConnectionOperator - Connection established 192.168.1.47:56420<->192.229.179.87:443
02:32:52.942 [ForkJoinPool-1-worker-11] DEBUG org.apache.http.impl.conn.DefaultHttpClientConnectionOperator - Connection established 192.168.1.47:56419<->192.229.179.87:443
02:32:52.942 [ForkJoinPool-1-worker-4] DEBUG org.apache.http.impl.conn.DefaultHttpClientConnectionOperator - Connection established 192.168.1.47:56417<->192.229.179.87:443
02:32:52.942 [ForkJoinPool-1-worker-2] DEBUG org.apache.http.impl.conn.DefaultHttpClientConnectionOperator - Connection established 192.168.1.47:56418<->192.229.179.87:443
02:32:52.942 [ForkJoinPool-1-worker-9] DEBUG org.apache.http.impl.conn.DefaultManagedHttpClientConnection - http-outgoing-1: set socket timeout to 5000
02:32:52.942 [ForkJoinPool-1-worker-11] DEBUG org.apache.http.impl.conn.DefaultManagedHttpClientConnection - http-outgoing-2: set socket timeout to 5000
02:32:52.942 [ForkJoinPool-1-worker-4] DEBUG org.apache.http.impl.conn.DefaultManagedHttpClientConnection - http-outgoing-0: set socket timeout to 5000
02:32:52.942 [ForkJoinPool-1-worker-9] DEBUG org.apache.http.impl.execchain.MainClientExec - Executing request POST /xml/tempconvert.asmx/CelsiusToFahrenheit HTTP/1.1
02:32:52.942 [ForkJoinPool-1-worker-2] DEBUG org.apache.http.impl.conn.DefaultManagedHttpClientConnection - http-outgoing-3: set socket timeout to 5000
02:32:52.942 [ForkJoinPool-1-worker-11] DEBUG org.apache.http.impl.execchain.MainClientExec - Executing request POST /xml/tempconvert.asmx/CelsiusToFahrenheit HTTP/1.1
02:32:52.942 [ForkJoinPool-1-worker-4] DEBUG org.apache.http.impl.execchain.MainClientExec - Executing request POST /xml/tempconvert.asmx/CelsiusToFahrenheit HTTP/1.1
02:32:52.942 [ForkJoinPool-1-worker-9] DEBUG org.apache.http.impl.execchain.MainClientExec - Target auth state: UNCHALLENGED
02:32:52.942 [ForkJoinPool-1-worker-2] DEBUG org.apache.http.impl.execchain.MainClientExec - Executing request POST /xml/tempconvert.asmx/CelsiusToFahrenheit HTTP/1.1
02:32:52.942 [ForkJoinPool-1-worker-11] DEBUG org.apache.http.impl.execchain.MainClientExec - Target auth state: UNCHALLENGED
02:32:52.942 [ForkJoinPool-1-worker-4] DEBUG org.apache.http.impl.execchain.MainClientExec - Target auth state: UNCHALLENGED
02:32:52.942 [ForkJoinPool-1-worker-2] DEBUG org.apache.http.impl.execchain.MainClientExec - Target auth state: UNCHALLENGED
02:32:52.942 [ForkJoinPool-1-worker-9] DEBUG org.apache.http.impl.execchain.MainClientExec - Proxy auth state: UNCHALLENGED
02:32:52.942 [ForkJoinPool-1-worker-11] DEBUG org.apache.http.impl.execchain.MainClientExec - Proxy auth state: UNCHALLENGED
02:32:52.942 [ForkJoinPool-1-worker-2] DEBUG org.apache.http.impl.execchain.MainClientExec - Proxy auth state: UNCHALLENGED
02:32:52.942 [ForkJoinPool-1-worker-4] DEBUG org.apache.http.impl.execchain.MainClientExec - Proxy auth state: UNCHALLENGED
02:32:52.942 [ForkJoinPool-1-worker-2] DEBUG org.apache.http.headers - http-outgoing-3 >> POST /xml/tempconvert.asmx/CelsiusToFahrenheit HTTP/1.1
02:32:52.942 [ForkJoinPool-1-worker-9] DEBUG org.apache.http.headers - http-outgoing-1 >> POST /xml/tempconvert.asmx/CelsiusToFahrenheit HTTP/1.1
02:32:52.942 [ForkJoinPool-1-worker-2] DEBUG org.apache.http.headers - http-outgoing-3 >> Content-Type: application/x-www-form-urlencoded; charset=UTF-8
02:32:52.942 [ForkJoinPool-1-worker-11] DEBUG org.apache.http.headers - http-outgoing-2 >> POST /xml/tempconvert.asmx/CelsiusToFahrenheit HTTP/1.1
02:32:52.942 [ForkJoinPool-1-worker-4] DEBUG org.apache.http.headers - http-outgoing-0 >> POST /xml/tempconvert.asmx/CelsiusToFahrenheit HTTP/1.1
02:32:52.942 [ForkJoinPool-1-worker-9] DEBUG org.apache.http.headers - http-outgoing-1 >> Content-Type: application/x-www-form-urlencoded; charset=UTF-8
02:32:52.942 [ForkJoinPool-1-worker-2] DEBUG org.apache.http.headers - http-outgoing-3 >> Content-Length: 12
02:32:52.942 [ForkJoinPool-1-worker-11] DEBUG org.apache.http.headers - http-outgoing-2 >> Content-Type: application/x-www-form-urlencoded; charset=UTF-8
02:32:52.942 [ForkJoinPool-1-worker-4] DEBUG org.apache.http.headers - http-outgoing-0 >> Content-Type: application/x-www-form-urlencoded; charset=UTF-8
02:32:52.942 [ForkJoinPool-1-worker-4] DEBUG org.apache.http.headers - http-outgoing-0 >> Content-Length: 12
02:32:52.942 [ForkJoinPool-1-worker-9] DEBUG org.apache.http.headers - http-outgoing-1 >> Content-Length: 12
02:32:52.942 [ForkJoinPool-1-worker-2] DEBUG org.apache.http.headers - http-outgoing-3 >> Host: www.w3schools.com
02:32:52.942 [ForkJoinPool-1-worker-11] DEBUG org.apache.http.headers - http-outgoing-2 >> Content-Length: 12
02:32:52.942 [ForkJoinPool-1-worker-4] DEBUG org.apache.http.headers - http-outgoing-0 >> Host: www.w3schools.com
02:32:52.942 [ForkJoinPool-1-worker-9] DEBUG org.apache.http.headers - http-outgoing-1 >> Host: www.w3schools.com
02:32:52.942 [ForkJoinPool-1-worker-2] DEBUG org.apache.http.headers - http-outgoing-3 >> Connection: Keep-Alive
02:32:52.942 [ForkJoinPool-1-worker-11] DEBUG org.apache.http.headers - http-outgoing-2 >> Host: www.w3schools.com
02:32:52.942 [ForkJoinPool-1-worker-4] DEBUG org.apache.http.headers - http-outgoing-0 >> Connection: Keep-Alive
02:32:52.942 [ForkJoinPool-1-worker-9] DEBUG org.apache.http.headers - http-outgoing-1 >> Connection: Keep-Alive
02:32:52.942 [ForkJoinPool-1-worker-2] DEBUG org.apache.http.headers - http-outgoing-3 >> User-Agent: Apache-HttpClient/4.5.12 (Java/1.8.0_251)
02:32:52.942 [ForkJoinPool-1-worker-11] DEBUG org.apache.http.headers - http-outgoing-2 >> Connection: Keep-Alive
02:32:52.942 [ForkJoinPool-1-worker-4] DEBUG org.apache.http.headers - http-outgoing-0 >> User-Agent: Apache-HttpClient/4.5.12 (Java/1.8.0_251)
02:32:52.942 [ForkJoinPool-1-worker-9] DEBUG org.apache.http.headers - http-outgoing-1 >> User-Agent: Apache-HttpClient/4.5.12 (Java/1.8.0_251)
02:32:52.942 [ForkJoinPool-1-worker-2] DEBUG org.apache.http.headers - http-outgoing-3 >> Accept-Encoding: gzip,deflate
02:32:52.942 [ForkJoinPool-1-worker-11] DEBUG org.apache.http.headers - http-outgoing-2 >> User-Agent: Apache-HttpClient/4.5.12 (Java/1.8.0_251)
02:32:52.942 [ForkJoinPool-1-worker-11] DEBUG org.apache.http.headers - http-outgoing-2 >> Accept-Encoding: gzip,deflate
02:32:52.942 [ForkJoinPool-1-worker-4] DEBUG org.apache.http.headers - http-outgoing-0 >> Accept-Encoding: gzip,deflate
02:32:52.942 [ForkJoinPool-1-worker-4] DEBUG org.apache.http.wire - http-outgoing-0 >> "POST /xml/tempconvert.asmx/CelsiusToFahrenheit HTTP/1.1[\r][\n]"
02:32:52.942 [ForkJoinPool-1-worker-4] DEBUG org.apache.http.wire - http-outgoing-0 >> "Content-Type: application/x-www-form-urlencoded; charset=UTF-8[\r][\n]"
02:32:52.942 [ForkJoinPool-1-worker-9] DEBUG org.apache.http.headers - http-outgoing-1 >> Accept-Encoding: gzip,deflate
02:32:52.942 [ForkJoinPool-1-worker-2] DEBUG org.apache.http.wire - http-outgoing-3 >> "POST /xml/tempconvert.asmx/CelsiusToFahrenheit HTTP/1.1[\r][\n]"
02:32:52.942 [ForkJoinPool-1-worker-9] DEBUG org.apache.http.wire - http-outgoing-1 >> "POST /xml/tempconvert.asmx/CelsiusToFahrenheit HTTP/1.1[\r][\n]"
02:32:52.942 [ForkJoinPool-1-worker-11] DEBUG org.apache.http.wire - http-outgoing-2 >> "POST /xml/tempconvert.asmx/CelsiusToFahrenheit HTTP/1.1[\r][\n]"
02:32:52.942 [ForkJoinPool-1-worker-4] DEBUG org.apache.http.wire - http-outgoing-0 >> "Content-Length: 12[\r][\n]"
02:32:52.942 [ForkJoinPool-1-worker-2] DEBUG org.apache.http.wire - http-outgoing-3 >> "Content-Type: application/x-www-form-urlencoded; charset=UTF-8[\r][\n]"
02:32:52.942 [ForkJoinPool-1-worker-2] DEBUG org.apache.http.wire - http-outgoing-3 >> "Content-Length: 12[\r][\n]"
02:32:52.942 [ForkJoinPool-1-worker-2] DEBUG org.apache.http.wire - http-outgoing-3 >> "Host: www.w3schools.com[\r][\n]"
02:32:52.942 [ForkJoinPool-1-worker-9] DEBUG org.apache.http.wire - http-outgoing-1 >> "Content-Type: application/x-www-form-urlencoded; charset=UTF-8[\r][\n]"
02:32:52.942 [ForkJoinPool-1-worker-11] DEBUG org.apache.http.wire - http-outgoing-2 >> "Content-Type: application/x-www-form-urlencoded; charset=UTF-8[\r][\n]"
02:32:52.942 [ForkJoinPool-1-worker-4] DEBUG org.apache.http.wire - http-outgoing-0 >> "Host: www.w3schools.com[\r][\n]"
02:32:52.942 [ForkJoinPool-1-worker-2] DEBUG org.apache.http.wire - http-outgoing-3 >> "Connection: Keep-Alive[\r][\n]"
02:32:52.942 [ForkJoinPool-1-worker-9] DEBUG org.apache.http.wire - http-outgoing-1 >> "Content-Length: 12[\r][\n]"
02:32:52.942 [ForkJoinPool-1-worker-11] DEBUG org.apache.http.wire - http-outgoing-2 >> "Content-Length: 12[\r][\n]"
02:32:52.942 [ForkJoinPool-1-worker-11] DEBUG org.apache.http.wire - http-outgoing-2 >> "Host: www.w3schools.com[\r][\n]"
02:32:52.942 [ForkJoinPool-1-worker-4] DEBUG org.apache.http.wire - http-outgoing-0 >> "Connection: Keep-Alive[\r][\n]"
02:32:52.942 [ForkJoinPool-1-worker-2] DEBUG org.apache.http.wire - http-outgoing-3 >> "User-Agent: Apache-HttpClient/4.5.12 (Java/1.8.0_251)[\r][\n]"
02:32:52.942 [ForkJoinPool-1-worker-9] DEBUG org.apache.http.wire - http-outgoing-1 >> "Host: www.w3schools.com[\r][\n]"
02:32:52.942 [ForkJoinPool-1-worker-11] DEBUG org.apache.http.wire - http-outgoing-2 >> "Connection: Keep-Alive[\r][\n]"
02:32:52.942 [ForkJoinPool-1-worker-9] DEBUG org.apache.http.wire - http-outgoing-1 >> "Connection: Keep-Alive[\r][\n]"
02:32:52.942 [ForkJoinPool-1-worker-11] DEBUG org.apache.http.wire - http-outgoing-2 >> "User-Agent: Apache-HttpClient/4.5.12 (Java/1.8.0_251)[\r][\n]"
02:32:52.942 [ForkJoinPool-1-worker-11] DEBUG org.apache.http.wire - http-outgoing-2 >> "Accept-Encoding: gzip,deflate[\r][\n]"
02:32:52.942 [ForkJoinPool-1-worker-11] DEBUG org.apache.http.wire - http-outgoing-2 >> "[\r][\n]"
02:32:52.942 [ForkJoinPool-1-worker-11] DEBUG org.apache.http.wire - http-outgoing-2 >> "Celsius = 40"
02:32:52.942 [ForkJoinPool-1-worker-9] DEBUG org.apache.http.wire - http-outgoing-1 >> "User-Agent: Apache-HttpClient/4.5.12 (Java/1.8.0_251)[\r][\n]"
02:32:52.942 [ForkJoinPool-1-worker-9] DEBUG org.apache.http.wire - http-outgoing-1 >> "Accept-Encoding: gzip,deflate[\r][\n]"
02:32:52.942 [ForkJoinPool-1-worker-9] DEBUG org.apache.http.wire - http-outgoing-1 >> "[\r][\n]"
02:32:52.942 [ForkJoinPool-1-worker-9] DEBUG org.apache.http.wire - http-outgoing-1 >> "Celsius = 37"
02:32:52.942 [ForkJoinPool-1-worker-4] DEBUG org.apache.http.wire - http-outgoing-0 >> "User-Agent: Apache-HttpClient/4.5.12 (Java/1.8.0_251)[\r][\n]"
02:32:52.942 [ForkJoinPool-1-worker-2] DEBUG org.apache.http.wire - http-outgoing-3 >> "Accept-Encoding: gzip,deflate[\r][\n]"
02:32:52.957 [ForkJoinPool-1-worker-4] DEBUG org.apache.http.wire - http-outgoing-0 >> "Accept-Encoding: gzip,deflate[\r][\n]"
02:32:52.957 [ForkJoinPool-1-worker-2] DEBUG org.apache.http.wire - http-outgoing-3 >> "[\r][\n]"
02:32:52.957 [ForkJoinPool-1-worker-4] DEBUG org.apache.http.wire - http-outgoing-0 >> "[\r][\n]"
02:32:52.957 [ForkJoinPool-1-worker-2] DEBUG org.apache.http.wire - http-outgoing-3 >> "Celsius = 40"
02:32:52.957 [ForkJoinPool-1-worker-4] DEBUG org.apache.http.wire - http-outgoing-0 >> "Celsius = 37"
02:32:53.177 [ForkJoinPool-1-worker-11] DEBUG org.apache.http.wire - http-outgoing-2 << "HTTP/1.1 500 Internal Server Error[\r][\n]"
02:32:53.177 [ForkJoinPool-1-worker-11] DEBUG org.apache.http.wire - http-outgoing-2 << "Cache-Control: private,public[\r][\n]"
02:32:53.177 [ForkJoinPool-1-worker-11] DEBUG org.apache.http.wire - http-outgoing-2 << "Content-Type: text/plain; charset=utf-8[\r][\n]"
02:32:53.177 [ForkJoinPool-1-worker-11] DEBUG org.apache.http.wire - http-outgoing-2 << "Date: Fri, 05 Feb 2021 10:24:41 GMT[\r][\n]"
02:32:53.177 [ForkJoinPool-1-worker-11] DEBUG org.apache.http.wire - http-outgoing-2 << "Server: Microsoft-IIS/7.5[\r][\n]"
02:32:53.177 [ForkJoinPool-1-worker-11] DEBUG org.apache.http.wire - http-outgoing-2 << "X-AspNet-Version: 4.0.30319[\r][\n]"
02:32:53.177 [ForkJoinPool-1-worker-11] DEBUG org.apache.http.wire - http-outgoing-2 << "X-Frame-Options: SAMEORIGIN[\r][\n]"
02:32:53.177 [ForkJoinPool-1-worker-11] DEBUG org.apache.http.wire - http-outgoing-2 << "X-Powered-By: ASP.NET[\r][\n]"
02:32:53.177 [ForkJoinPool-1-worker-11] DEBUG org.apache.http.wire - http-outgoing-2 << "Content-Length: 29[\r][\n]"
02:32:53.177 [ForkJoinPool-1-worker-11] DEBUG org.apache.http.wire - http-outgoing-2 << "[\r][\n]"
02:32:53.177 [ForkJoinPool-1-worker-9] DEBUG org.apache.http.wire - http-outgoing-1 << "HTTP/1.1 500 Internal Server Error[\r][\n]"
02:32:53.177 [ForkJoinPool-1-worker-9] DEBUG org.apache.http.wire - http-outgoing-1 << "Cache-Control: private,public[\r][\n]"
02:32:53.177 [ForkJoinPool-1-worker-9] DEBUG org.apache.http.wire - http-outgoing-1 << "Content-Type: text/plain; charset=utf-8[\r][\n]"
02:32:53.177 [ForkJoinPool-1-worker-9] DEBUG org.apache.http.wire - http-outgoing-1 << "Date: Fri, 05 Feb 2021 10:24:41 GMT[\r][\n]"
02:32:53.177 [ForkJoinPool-1-worker-9] DEBUG org.apache.http.wire - http-outgoing-1 << "Server: Microsoft-IIS/7.5[\r][\n]"
02:32:53.177 [ForkJoinPool-1-worker-9] DEBUG org.apache.http.wire - http-outgoing-1 << "X-AspNet-Version: 4.0.30319[\r][\n]"
02:32:53.177 [ForkJoinPool-1-worker-9] DEBUG org.apache.http.wire - http-outgoing-1 << "X-Frame-Options: SAMEORIGIN[\r][\n]"
02:32:53.177 [ForkJoinPool-1-worker-9] DEBUG org.apache.http.wire - http-outgoing-1 << "X-Powered-By: ASP.NET[\r][\n]"
02:32:53.177 [ForkJoinPool-1-worker-9] DEBUG org.apache.http.wire - http-outgoing-1 << "Content-Length: 29[\r][\n]"
02:32:53.177 [ForkJoinPool-1-worker-9] DEBUG org.apache.http.wire - http-outgoing-1 << "[\r][\n]"
02:32:53.192 [ForkJoinPool-1-worker-9] DEBUG org.apache.http.headers - http-outgoing-1 << HTTP/1.1 500 Internal Server Error
02:32:53.192 [ForkJoinPool-1-worker-11] DEBUG org.apache.http.headers - http-outgoing-2 << HTTP/1.1 500 Internal Server Error
02:32:53.192 [ForkJoinPool-1-worker-9] DEBUG org.apache.http.headers - http-outgoing-1 << Cache-Control: private,public
02:32:53.192 [ForkJoinPool-1-worker-11] DEBUG org.apache.http.headers - http-outgoing-2 << Cache-Control: private,public
02:32:53.192 [ForkJoinPool-1-worker-9] DEBUG org.apache.http.headers - http-outgoing-1 << Content-Type: text/plain; charset=utf-8
02:32:53.192 [ForkJoinPool-1-worker-11] DEBUG org.apache.http.headers - http-outgoing-2 << Content-Type: text/plain; charset=utf-8
02:32:53.192 [ForkJoinPool-1-worker-9] DEBUG org.apache.http.headers - http-outgoing-1 << Date: Fri, 05 Feb 2021 10:24:41 GMT
02:32:53.192 [ForkJoinPool-1-worker-11] DEBUG org.apache.http.headers - http-outgoing-2 << Date: Fri, 05 Feb 2021 10:24:41 GMT
02:32:53.192 [ForkJoinPool-1-worker-9] DEBUG org.apache.http.headers - http-outgoing-1 << Server: Microsoft-IIS/7.5
02:32:53.192 [ForkJoinPool-1-worker-11] DEBUG org.apache.http.headers - http-outgoing-2 << Server: Microsoft-IIS/7.5
02:32:53.192 [ForkJoinPool-1-worker-9] DEBUG org.apache.http.headers - http-outgoing-1 << X-AspNet-Version: 4.0.30319
02:32:53.192 [ForkJoinPool-1-worker-11] DEBUG org.apache.http.headers - http-outgoing-2 << X-AspNet-Version: 4.0.30319
02:32:53.192 [ForkJoinPool-1-worker-9] DEBUG org.apache.http.headers - http-outgoing-1 << X-Frame-Options: SAMEORIGIN
02:32:53.192 [ForkJoinPool-1-worker-11] DEBUG org.apache.http.headers - http-outgoing-2 << X-Frame-Options: SAMEORIGIN
02:32:53.192 [ForkJoinPool-1-worker-9] DEBUG org.apache.http.headers - http-outgoing-1 << X-Powered-By: ASP.NET
02:32:53.192 [ForkJoinPool-1-worker-11] DEBUG org.apache.http.headers - http-outgoing-2 << X-Powered-By: ASP.NET
02:32:53.192 [ForkJoinPool-1-worker-9] DEBUG org.apache.http.headers - http-outgoing-1 << Content-Length: 29
02:32:53.192 [ForkJoinPool-1-worker-11] DEBUG org.apache.http.headers - http-outgoing-2 << Content-Length: 29
02:32:53.192 [ForkJoinPool-1-worker-2] DEBUG org.apache.http.wire - http-outgoing-3 << "HTTP/1.1 500 Internal Server Error[\r][\n]"
02:32:53.192 [ForkJoinPool-1-worker-2] DEBUG org.apache.http.wire - http-outgoing-3 << "Cache-Control: private,public[\r][\n]"
02:32:53.192 [ForkJoinPool-1-worker-2] DEBUG org.apache.http.wire - http-outgoing-3 << "Content-Type: text/plain; charset=utf-8[\r][\n]"
02:32:53.192 [ForkJoinPool-1-worker-2] DEBUG org.apache.http.wire - http-outgoing-3 << "Date: Fri, 05 Feb 2021 10:24:41 GMT[\r][\n]"
02:32:53.192 [ForkJoinPool-1-worker-2] DEBUG org.apache.http.wire - http-outgoing-3 << "Server: Microsoft-IIS/7.5[\r][\n]"
02:32:53.192 [ForkJoinPool-1-worker-2] DEBUG org.apache.http.wire - http-outgoing-3 << "X-AspNet-Version: 4.0.30319[\r][\n]"
02:32:53.192 [ForkJoinPool-1-worker-2] DEBUG org.apache.http.wire - http-outgoing-3 << "X-Frame-Options: SAMEORIGIN[\r][\n]"
02:32:53.192 [ForkJoinPool-1-worker-2] DEBUG org.apache.http.wire - http-outgoing-3 << "X-Powered-By: ASP.NET[\r][\n]"
02:32:53.192 [ForkJoinPool-1-worker-2] DEBUG org.apache.http.wire - http-outgoing-3 << "Content-Length: 29[\r][\n]"
02:32:53.192 [ForkJoinPool-1-worker-2] DEBUG org.apache.http.wire - http-outgoing-3 << "[\r][\n]"
02:32:53.192 [ForkJoinPool-1-worker-2] DEBUG org.apache.http.headers - http-outgoing-3 << HTTP/1.1 500 Internal Server Error
02:32:53.192 [ForkJoinPool-1-worker-2] DEBUG org.apache.http.headers - http-outgoing-3 << Cache-Control: private,public
02:32:53.192 [ForkJoinPool-1-worker-2] DEBUG org.apache.http.headers - http-outgoing-3 << Content-Type: text/plain; charset=utf-8
02:32:53.192 [ForkJoinPool-1-worker-2] DEBUG org.apache.http.headers - http-outgoing-3 << Date: Fri, 05 Feb 2021 10:24:41 GMT
02:32:53.192 [ForkJoinPool-1-worker-2] DEBUG org.apache.http.headers - http-outgoing-3 << Server: Microsoft-IIS/7.5
02:32:53.192 [ForkJoinPool-1-worker-2] DEBUG org.apache.http.headers - http-outgoing-3 << X-AspNet-Version: 4.0.30319
02:32:53.192 [ForkJoinPool-1-worker-2] DEBUG org.apache.http.headers - http-outgoing-3 << X-Frame-Options: SAMEORIGIN
02:32:53.192 [ForkJoinPool-1-worker-2] DEBUG org.apache.http.headers - http-outgoing-3 << X-Powered-By: ASP.NET
02:32:53.192 [ForkJoinPool-1-worker-2] DEBUG org.apache.http.headers - http-outgoing-3 << Content-Length: 29
02:32:53.192 [ForkJoinPool-1-worker-11] DEBUG org.apache.http.impl.execchain.MainClientExec - Connection can be kept alive indefinitely
02:32:53.192 [ForkJoinPool-1-worker-2] DEBUG org.apache.http.impl.execchain.MainClientExec - Connection can be kept alive indefinitely
02:32:53.192 [ForkJoinPool-1-worker-4] DEBUG org.apache.http.wire - http-outgoing-0 << "HTTP/1.1 500 Internal Server Error[\r][\n]"
02:32:53.192 [ForkJoinPool-1-worker-4] DEBUG org.apache.http.wire - http-outgoing-0 << "Cache-Control: private,public[\r][\n]"
02:32:53.192 [ForkJoinPool-1-worker-4] DEBUG org.apache.http.wire - http-outgoing-0 << "Content-Type: text/plain; charset=utf-8[\r][\n]"
02:32:53.192 [ForkJoinPool-1-worker-4] DEBUG org.apache.http.wire - http-outgoing-0 << "Date: Fri, 05 Feb 2021 10:24:41 GMT[\r][\n]"
02:32:53.192 [ForkJoinPool-1-worker-4] DEBUG org.apache.http.wire - http-outgoing-0 << "Server: Microsoft-IIS/7.5[\r][\n]"
02:32:53.192 [ForkJoinPool-1-worker-4] DEBUG org.apache.http.wire - http-outgoing-0 << "X-AspNet-Version: 4.0.30319[\r][\n]"
02:32:53.192 [ForkJoinPool-1-worker-4] DEBUG org.apache.http.wire - http-outgoing-0 << "X-Frame-Options: SAMEORIGIN[\r][\n]"
02:32:53.192 [ForkJoinPool-1-worker-4] DEBUG org.apache.http.wire - http-outgoing-0 << "X-Powered-By: ASP.NET[\r][\n]"
02:32:53.192 [ForkJoinPool-1-worker-4] DEBUG org.apache.http.wire - http-outgoing-0 << "Content-Length: 29[\r][\n]"
02:32:53.192 [ForkJoinPool-1-worker-4] DEBUG org.apache.http.wire - http-outgoing-0 << "[\r][\n]"
02:32:53.192 [ForkJoinPool-1-worker-4] DEBUG org.apache.http.headers - http-outgoing-0 << HTTP/1.1 500 Internal Server Error
02:32:53.192 [ForkJoinPool-1-worker-4] DEBUG org.apache.http.headers - http-outgoing-0 << Cache-Control: private,public
02:32:53.192 [ForkJoinPool-1-worker-4] DEBUG org.apache.http.headers - http-outgoing-0 << Content-Type: text/plain; charset=utf-8
02:32:53.192 [ForkJoinPool-1-worker-4] DEBUG org.apache.http.headers - http-outgoing-0 << Date: Fri, 05 Feb 2021 10:24:41 GMT
02:32:53.192 [ForkJoinPool-1-worker-4] DEBUG org.apache.http.headers - http-outgoing-0 << Server: Microsoft-IIS/7.5
02:32:53.192 [ForkJoinPool-1-worker-4] DEBUG org.apache.http.headers - http-outgoing-0 << X-AspNet-Version: 4.0.30319
02:32:53.192 [ForkJoinPool-1-worker-4] DEBUG org.apache.http.headers - http-outgoing-0 << X-Frame-Options: SAMEORIGIN
02:32:53.192 [ForkJoinPool-1-worker-4] DEBUG org.apache.http.headers - http-outgoing-0 << X-Powered-By: ASP.NET
02:32:53.192 [ForkJoinPool-1-worker-4] DEBUG org.apache.http.headers - http-outgoing-0 << Content-Length: 29
02:32:53.192 [ForkJoinPool-1-worker-4] DEBUG org.apache.http.impl.execchain.MainClientExec - Connection can be kept alive indefinitely
02:32:53.192 [ForkJoinPool-1-worker-9] DEBUG org.apache.http.impl.execchain.MainClientExec - Connection can be kept alive indefinitely
02:32:53.208 [ForkJoinPool-1-worker-11] DEBUG org.apache.http.wire - http-outgoing-2 << "Missing parameter: Celsius.[\r][\n]"
02:32:53.208 [ForkJoinPool-1-worker-11] DEBUG org.apache.http.impl.conn.PoolingHttpClientConnectionManager - Connection [id: 2][route: {s}->https://www.w3schools.com:443] can be kept alive indefinitely
02:32:53.208 [ForkJoinPool-1-worker-11] DEBUG org.apache.http.impl.conn.DefaultManagedHttpClientConnection - http-outgoing-2: set socket timeout to 0
02:32:53.208 [ForkJoinPool-1-worker-4] DEBUG org.apache.http.wire - http-outgoing-0 << "Missing parameter: Celsius.[\r][\n]"
02:32:53.208 [ForkJoinPool-1-worker-4] DEBUG org.apache.http.impl.conn.PoolingHttpClientConnectionManager - Connection [id: 3][route: {s}->https://www.w3schools.com:443] can be kept alive indefinitely
02:32:53.208 [ForkJoinPool-1-worker-11] DEBUG org.apache.http.impl.conn.PoolingHttpClientConnectionManager - Connection released: [id: 2][route: {s}->https://www.w3schools.com:443][total available: 1; route allocated: 1 of 5; total allocated: 1 of 10]
02:32:53.208 [ForkJoinPool-1-worker-2] DEBUG org.apache.http.wire - http-outgoing-3 << "Missing parameter: Celsius.[\r][\n]"
02:32:53.208 [ForkJoinPool-1-worker-2] DEBUG org.apache.http.impl.conn.PoolingHttpClientConnectionManager - Connection [id: 1][route: {s}->https://www.w3schools.com:443] can be kept alive indefinitely
02:32:53.208 [ForkJoinPool-1-worker-2] DEBUG org.apache.http.impl.conn.DefaultManagedHttpClientConnection - http-outgoing-3: set socket timeout to 0
02:32:53.208 [ForkJoinPool-1-worker-2] DEBUG org.apache.http.impl.conn.PoolingHttpClientConnectionManager - Connection released: [id: 1][route: {s}->https://www.w3schools.com:443][total available: 1; route allocated: 1 of 5; total allocated: 1 of 10]
02:32:53.208 [ForkJoinPool-1-worker-2] DEBUG com.intuit.karate - response time in milliseconds: 485.68
1 < 500
1 < Cache-Control: private,public
1 < Content-Length: 29
1 < Content-Type: text/plain; charset=utf-8
1 < Date: Fri, 05 Feb 2021 10:24:41 GMT
1 < Server: Microsoft-IIS/7.5
1 < X-AspNet-Version: 4.0.30319
1 < X-Frame-Options: SAMEORIGIN
1 < X-Powered-By: ASP.NET
Missing parameter: Celsius.


02:32:53.208 [ForkJoinPool-1-worker-11] DEBUG com.intuit.karate - response time in milliseconds: 483.24
1 < 500
1 < Cache-Control: private,public
1 < Content-Length: 29
1 < Content-Type: text/plain; charset=utf-8
1 < Date: Fri, 05 Feb 2021 10:24:41 GMT
1 < Server: Microsoft-IIS/7.5
1 < X-AspNet-Version: 4.0.30319
1 < X-Frame-Options: SAMEORIGIN
1 < X-Powered-By: ASP.NET
Missing parameter: Celsius.


02:32:53.208 [ForkJoinPool-1-worker-4] DEBUG org.apache.http.impl.conn.DefaultManagedHttpClientConnection - http-outgoing-0: set socket timeout to 0
02:32:53.208 [ForkJoinPool-1-worker-9] DEBUG org.apache.http.wire - http-outgoing-1 << "Missing parameter: Celsius.[\r][\n]"
02:32:53.208 [ForkJoinPool-1-worker-9] DEBUG org.apache.http.impl.conn.PoolingHttpClientConnectionManager - Connection [id: 0][route: {s}->https://www.w3schools.com:443] can be kept alive indefinitely
02:32:53.208 [ForkJoinPool-1-worker-9] DEBUG org.apache.http.impl.conn.DefaultManagedHttpClientConnection - http-outgoing-1: set socket timeout to 0
02:32:53.208 [ForkJoinPool-1-worker-9] DEBUG org.apache.http.impl.conn.PoolingHttpClientConnectionManager - Connection released: [id: 0][route: {s}->https://www.w3schools.com:443][total available: 1; route allocated: 1 of 5; total allocated: 1 of 10]
02:32:53.208 [ForkJoinPool-1-worker-9] DEBUG com.intuit.karate - response time in milliseconds: 485.82
1 < 500
1 < Cache-Control: private,public
1 < Content-Length: 29
1 < Content-Type: text/plain; charset=utf-8
1 < Date: Fri, 05 Feb 2021 10:24:41 GMT
1 < Server: Microsoft-IIS/7.5
1 < X-AspNet-Version: 4.0.30319
1 < X-Frame-Options: SAMEORIGIN
1 < X-Powered-By: ASP.NET
Missing parameter: Celsius.


02:32:53.208 [ForkJoinPool-1-worker-4] DEBUG org.apache.http.impl.conn.PoolingHttpClientConnectionManager - Connection released: [id: 3][route: {s}->https://www.w3schools.com:443][total available: 1; route allocated: 1 of 5; total allocated: 1 of 10]
02:32:53.208 [ForkJoinPool-1-worker-4] DEBUG com.intuit.karate - response time in milliseconds: 486.70
1 < 500
1 < Cache-Control: private,public
1 < Content-Length: 29
1 < Content-Type: text/plain; charset=utf-8
1 < Date: Fri, 05 Feb 2021 10:24:41 GMT
1 < Server: Microsoft-IIS/7.5
1 < X-AspNet-Version: 4.0.30319
1 < X-Frame-Options: SAMEORIGIN
1 < X-Powered-By: ASP.NET
Missing parameter: Celsius.


02:32:53.208 [ForkJoinPool-1-worker-2] ERROR com.intuit.karate - status code was: 500, expected: 200, response time: 486, url: https://www.w3schools.com/xml/tempconvert.asmx/CelsiusToFahrenheit, response: Missing parameter: Celsius.

02:32:53.208 [ForkJoinPool-1-worker-2] INFO com.intuit.karate - after scenario inside config 
02:32:53.208 [ForkJoinPool-1-worker-4] ERROR com.intuit.karate - status code was: 500, expected: 200, response time: 487, url: https://www.w3schools.com/xml/tempconvert.asmx/CelsiusToFahrenheit, response: Missing parameter: Celsius.

02:32:53.223 [ForkJoinPool-1-worker-4] INFO com.intuit.karate - after scenario inside config 
02:32:53.208 [ForkJoinPool-1-worker-9] ERROR com.intuit.karate - status code was: 500, expected: 200, response time: 486, url: https://www.w3schools.com/xml/tempconvert.asmx/CelsiusToFahrenheit, response: Missing parameter: Celsius.

02:32:53.223 [ForkJoinPool-1-worker-9] INFO com.intuit.karate - after scenario inside config 
02:32:53.208 [ForkJoinPool-1-worker-11] ERROR com.intuit.karate - status code was: 500, expected: 200, response time: 483, url: https://www.w3schools.com/xml/tempconvert.asmx/CelsiusToFahrenheit, response: Missing parameter: Celsius.

02:32:53.223 [ForkJoinPool-1-worker-11] INFO com.intuit.karate - after scenario inside config 
02:32:53.301 [pool-1-thread-7] INFO com.intuit.karate.Runner - <<fail>> feature 14 of 26: classpath:featurefiles/karate-12ddt.feature
---------------------------------------------------------
feature: classpath:featurefiles/karate-12ddt.feature
report: build\surefire-reports\featurefiles.karate-12ddt.json
scenarios:  4 | passed:  0 | failed:  4 | time: 3.1121
---------------------------------------------------------

HTML report: (paste into browser to view) | Karate version: 0.9.6
file:/C:/Work/KarateWorkspace/build/surefire-reports/karate-summary.html
===================================================================

Karate version: 0.9.6
======================================================
elapsed:   1.95 | threads:   10 | thread time: 3.11 
features:     1 | ignored:   25 | efficiency: 0.16
scenarios:    4 | passed:     0 | failed: 4
======================================================
failed features:
featurefiles.karate-12ddt: [1.1:20] karate-12ddt.feature:10 - status code was: 500, expected: 200, response time: 486, url: https://www.w3schools.com/xml/tempconvert.asmx/CelsiusToFahrenheit, response: Missing parameter: Celsius.

[1.2:21] karate-12ddt.feature:10 - status code was: 500, expected: 200, response time: 486, url: https://www.w3schools.com/xml/tempconvert.asmx/CelsiusToFahrenheit, response: Missing parameter: Celsius.

[2.1:25] karate-12ddt.feature:30 - status code was: 500, expected: 200, response time: 487, url: https://www.w3schools.com/xml/tempconvert.asmx/CelsiusToFahrenheit, response: Missing parameter: Celsius.

[2.2:25] karate-12ddt.feature:30 - status code was: 500, expected: 200, response time: 483, url: https://www.w3schools.com/xml/tempconvert.asmx/CelsiusToFahrenheit, response: Missing parameter: Celsius.


02:32:53.473 [Finalizer] DEBUG org.apache.http.impl.conn.PoolingHttpClientConnectionManager - Connection manager is shutting down
02:32:53.473 [Finalizer] DEBUG org.apache.http.impl.conn.DefaultManagedHttpClientConnection - http-outgoing-2: Close connection
02:32:53.473 [Finalizer] DEBUG org.apache.http.impl.conn.PoolingHttpClientConnectionManager - Connection manager shut down
02:32:53.473 [Finalizer] DEBUG org.apache.http.impl.conn.PoolingHttpClientConnectionManager - Connection manager is shutting down
02:32:53.473 [Finalizer] DEBUG org.apache.http.impl.conn.DefaultManagedHttpClientConnection - http-outgoing-0: Close connection
02:32:53.473 [Finalizer] DEBUG org.apache.http.impl.conn.PoolingHttpClientConnectionManager - Connection manager shut down
02:32:53.473 [Finalizer] DEBUG org.apache.http.impl.conn.PoolingHttpClientConnectionManager - Connection manager is shutting down
02:32:53.473 [Finalizer] DEBUG org.apache.http.impl.conn.DefaultManagedHttpClientConnection - http-outgoing-3: Close connection
02:32:53.473 [Finalizer] DEBUG org.apache.http.impl.conn.PoolingHttpClientConnectionManager - Connection manager shut down
02:32:53.473 [Finalizer] DEBUG org.apache.http.impl.conn.PoolingHttpClientConnectionManager - Connection manager is shutting down
02:32:53.473 [Finalizer] DEBUG org.apache.http.impl.conn.DefaultManagedHttpClientConnection - http-outgoing-1: Close connection
02:32:53.473 [Finalizer] DEBUG org.apache.http.impl.conn.PoolingHttpClientConnectionManager - Connection manager shut down
02:32:53.973 [Test worker] DEBUG org.apache.velocity - CommonsLogLogChute name is 'org.apache.velocity'
02:32:53.973 [Test worker] DEBUG org.apache.velocity - Initializing Velocity, Calling init()...
02:32:53.973 [Test worker] DEBUG org.apache.velocity - Starting Apache Velocity v1.7 (compiled: 2010-11-19 12:14:37)
02:32:53.973 [Test worker] DEBUG org.apache.velocity - Default Properties File: org\apache\velocity\runtime\defaults\velocity.properties
02:32:53.973 [Test worker] DEBUG org.apache.velocity - Trying to use logger class org.apache.velocity.runtime.log.AvalonLogChute
02:32:53.973 [Test worker] DEBUG org.apache.velocity - Target log system for org.apache.velocity.runtime.log.AvalonLogChute is not available (java.lang.NoClassDefFoundError: org/apache/log/format/Formatter).  Falling back to next log system...
02:32:53.973 [Test worker] DEBUG org.apache.velocity - Trying to use logger class org.apache.velocity.runtime.log.Log4JLogChute
02:32:53.973 [Test worker] DEBUG org.apache.velocity - Target log system for org.apache.velocity.runtime.log.Log4JLogChute is not available (java.lang.NoClassDefFoundError: org/apache/log4j/Layout).  Falling back to next log system...
02:32:53.973 [Test worker] DEBUG org.apache.velocity - Trying to use logger class org.apache.velocity.runtime.log.CommonsLogLogChute
02:32:53.973 [Test worker] DEBUG org.apache.velocity - Using logger class org.apache.velocity.runtime.log.CommonsLogLogChute
02:32:53.973 [Test worker] DEBUG org.apache.velocity - ResourceLoader instantiated: org.apache.velocity.runtime.resource.loader.ClasspathResourceLoader
02:32:53.989 [Test worker] DEBUG org.apache.velocity - ResourceCache: initialized (class org.apache.velocity.runtime.resource.ResourceCacheImpl) with class java.util.Collections$SynchronizedMap cache map.
02:32:53.989 [Test worker] DEBUG org.apache.velocity - Loaded System Directive: org.apache.velocity.runtime.directive.Stop
02:32:53.989 [Test worker] DEBUG org.apache.velocity - Loaded System Directive: org.apache.velocity.runtime.directive.Define
02:32:53.989 [Test worker] DEBUG org.apache.velocity - Loaded System Directive: org.apache.velocity.runtime.directive.Break
02:32:53.989 [Test worker] DEBUG org.apache.velocity - Loaded System Directive: org.apache.velocity.runtime.directive.Evaluate
02:32:53.989 [Test worker] DEBUG org.apache.velocity - Loaded System Directive: org.apache.velocity.runtime.directive.Literal
02:32:53.989 [Test worker] DEBUG org.apache.velocity - Loaded System Directive: org.apache.velocity.runtime.directive.Macro
02:32:53.989 [Test worker] DEBUG org.apache.velocity - Loaded System Directive: org.apache.velocity.runtime.directive.Parse
02:32:53.989 [Test worker] DEBUG org.apache.velocity - Loaded System Directive: org.apache.velocity.runtime.directive.Include
02:32:53.989 [Test worker] DEBUG org.apache.velocity - Loaded System Directive: org.apache.velocity.runtime.directive.Foreach
02:32:54.020 [Test worker] DEBUG org.apache.velocity - Created '20' parsers.
02:32:54.020 [Test worker] DEBUG org.apache.velocity - Velocimacro : "velocimacro.library" is not set.  Trying default library: VM_global_library.vm
02:32:54.020 [Test worker] DEBUG org.apache.velocity - Could not load resource 'VM_global_library.vm' from ResourceLoader org.apache.velocity.runtime.resource.loader.ClasspathResourceLoader: ClasspathResourceLoader Error: cannot find resource VM_global_library.vm
02:32:54.020 [Test worker] DEBUG org.apache.velocity - Velocimacro : Default library not found.
02:32:54.020 [Test worker] DEBUG org.apache.velocity - Velocimacro : allowInline = true : VMs can be defined inline in templates
02:32:54.020 [Test worker] DEBUG org.apache.velocity - Velocimacro : allowInlineToOverride = false : VMs defined inline may NOT replace previous VM definitions
02:32:54.020 [Test worker] DEBUG org.apache.velocity - Velocimacro : allowInlineLocal = false : VMs defined inline will be global in scope if allowed.
02:32:54.020 [Test worker] DEBUG org.apache.velocity - Velocimacro : autoload off : VM system will not automatically reload global library macros
02:32:54.082 [Test worker] DEBUG org.apache.velocity - CommonsLogLogChute name is 'org.apache.velocity'
02:32:54.082 [Test worker] DEBUG org.apache.velocity - Initializing Velocity, Calling init()...
02:32:54.082 [Test worker] DEBUG org.apache.velocity - Starting Apache Velocity v1.7 (compiled: 2010-11-19 12:14:37)
02:32:54.082 [Test worker] DEBUG org.apache.velocity - Default Properties File: org\apache\velocity\runtime\defaults\velocity.properties
02:32:54.082 [Test worker] DEBUG org.apache.velocity - Trying to use logger class org.apache.velocity.runtime.log.AvalonLogChute
02:32:54.082 [Test worker] DEBUG org.apache.velocity - Target log system for org.apache.velocity.runtime.log.AvalonLogChute is not available (java.lang.NoClassDefFoundError: org/apache/log/format/Formatter).  Falling back to next log system...
02:32:54.082 [Test worker] DEBUG org.apache.velocity - Trying to use logger class org.apache.velocity.runtime.log.Log4JLogChute
02:32:54.082 [Test worker] DEBUG org.apache.velocity - Target log system for org.apache.velocity.runtime.log.Log4JLogChute is not available (java.lang.NoClassDefFoundError: org/apache/log4j/Layout).  Falling back to next log system...
02:32:54.082 [Test worker] DEBUG org.apache.velocity - Trying to use logger class org.apache.velocity.runtime.log.CommonsLogLogChute
02:32:54.082 [Test worker] DEBUG org.apache.velocity - Using logger class org.apache.velocity.runtime.log.CommonsLogLogChute
02:32:54.082 [Test worker] DEBUG org.apache.velocity - ResourceLoader instantiated: org.apache.velocity.runtime.resource.loader.ClasspathResourceLoader
02:32:54.082 [Test worker] DEBUG org.apache.velocity - ResourceCache: initialized (class org.apache.velocity.runtime.resource.ResourceCacheImpl) with class java.util.Collections$SynchronizedMap cache map.
02:32:54.082 [Test worker] DEBUG org.apache.velocity - Loaded System Directive: org.apache.velocity.runtime.directive.Stop
02:32:54.082 [Test worker] DEBUG org.apache.velocity - Loaded System Directive: org.apache.velocity.runtime.directive.Define
02:32:54.082 [Test worker] DEBUG org.apache.velocity - Loaded System Directive: org.apache.velocity.runtime.directive.Break
02:32:54.082 [Test worker] DEBUG org.apache.velocity - Loaded System Directive: org.apache.velocity.runtime.directive.Evaluate
02:32:54.082 [Test worker] DEBUG org.apache.velocity - Loaded System Directive: org.apache.velocity.runtime.directive.Literal
02:32:54.082 [Test worker] DEBUG org.apache.velocity - Loaded System Directive: org.apache.velocity.runtime.directive.Macro
02:32:54.082 [Test worker] DEBUG org.apache.velocity - Loaded System Directive: org.apache.velocity.runtime.directive.Parse
02:32:54.082 [Test worker] DEBUG org.apache.velocity - Loaded System Directive: org.apache.velocity.runtime.directive.Include
02:32:54.082 [Test worker] DEBUG org.apache.velocity - Loaded System Directive: org.apache.velocity.runtime.directive.Foreach
02:32:54.082 [Test worker] DEBUG org.apache.velocity - Created '20' parsers.
02:32:54.082 [Test worker] DEBUG org.apache.velocity - Velocimacro : "velocimacro.library" is not set.  Trying default library: VM_global_library.vm
02:32:54.082 [Test worker] DEBUG org.apache.velocity - Could not load resource 'VM_global_library.vm' from ResourceLoader org.apache.velocity.runtime.resource.loader.ClasspathResourceLoader: ClasspathResourceLoader Error: cannot find resource VM_global_library.vm
02:32:54.082 [Test worker] DEBUG org.apache.velocity - Velocimacro : Default library not found.
02:32:54.082 [Test worker] DEBUG org.apache.velocity - Velocimacro : allowInline = true : VMs can be defined inline in templates
02:32:54.082 [Test worker] DEBUG org.apache.velocity - Velocimacro : allowInlineToOverride = false : VMs defined inline may NOT replace previous VM definitions
02:32:54.082 [Test worker] DEBUG org.apache.velocity - Velocimacro : allowInlineLocal = false : VMs defined inline will be global in scope if allowed.
02:32:54.082 [Test worker] DEBUG org.apache.velocity - Velocimacro : autoload off : VM system will not automatically reload global library macros
02:32:54.082 [Test worker] DEBUG org.apache.velocity - CommonsLogLogChute name is 'org.apache.velocity'
02:32:54.082 [Test worker] DEBUG org.apache.velocity - Initializing Velocity, Calling init()...
02:32:54.082 [Test worker] DEBUG org.apache.velocity - Starting Apache Velocity v1.7 (compiled: 2010-11-19 12:14:37)
02:32:54.082 [Test worker] DEBUG org.apache.velocity - Default Properties File: org\apache\velocity\runtime\defaults\velocity.properties
02:32:54.082 [Test worker] DEBUG org.apache.velocity - Trying to use logger class org.apache.velocity.runtime.log.AvalonLogChute
02:32:54.082 [Test worker] DEBUG org.apache.velocity - Target log system for org.apache.velocity.runtime.log.AvalonLogChute is not available (java.lang.NoClassDefFoundError: org/apache/log/format/Formatter).  Falling back to next log system...
02:32:54.082 [Test worker] DEBUG org.apache.velocity - Trying to use logger class org.apache.velocity.runtime.log.Log4JLogChute
02:32:54.082 [Test worker] DEBUG org.apache.velocity - Target log system for org.apache.velocity.runtime.log.Log4JLogChute is not available (java.lang.NoClassDefFoundError: org/apache/log4j/Layout).  Falling back to next log system...
02:32:54.082 [Test worker] DEBUG org.apache.velocity - Trying to use logger class org.apache.velocity.runtime.log.CommonsLogLogChute
02:32:54.082 [Test worker] DEBUG org.apache.velocity - Using logger class org.apache.velocity.runtime.log.CommonsLogLogChute
02:32:54.082 [Test worker] DEBUG org.apache.velocity - ResourceLoader instantiated: org.apache.velocity.runtime.resource.loader.ClasspathResourceLoader
02:32:54.082 [Test worker] DEBUG org.apache.velocity - ResourceCache: initialized (class org.apache.velocity.runtime.resource.ResourceCacheImpl) with class java.util.Collections$SynchronizedMap cache map.
02:32:54.082 [Test worker] DEBUG org.apache.velocity - Loaded System Directive: org.apache.velocity.runtime.directive.Stop
02:32:54.082 [Test worker] DEBUG org.apache.velocity - Loaded System Directive: org.apache.velocity.runtime.directive.Define
02:32:54.082 [Test worker] DEBUG org.apache.velocity - Loaded System Directive: org.apache.velocity.runtime.directive.Break
02:32:54.082 [Test worker] DEBUG org.apache.velocity - Loaded System Directive: org.apache.velocity.runtime.directive.Evaluate
02:32:54.082 [Test worker] DEBUG org.apache.velocity - Loaded System Directive: org.apache.velocity.runtime.directive.Literal
02:32:54.082 [Test worker] DEBUG org.apache.velocity - Loaded System Directive: org.apache.velocity.runtime.directive.Macro
02:32:54.082 [Test worker] DEBUG org.apache.velocity - Loaded System Directive: org.apache.velocity.runtime.directive.Parse
02:32:54.082 [Test worker] DEBUG org.apache.velocity - Loaded System Directive: org.apache.velocity.runtime.directive.Include
02:32:54.082 [Test worker] DEBUG org.apache.velocity - Loaded System Directive: org.apache.velocity.runtime.directive.Foreach
02:32:54.098 [Test worker] DEBUG org.apache.velocity - Created '20' parsers.
02:32:54.098 [Test worker] DEBUG org.apache.velocity - Velocimacro : "velocimacro.library" is not set.  Trying default library: VM_global_library.vm
02:32:54.098 [Test worker] DEBUG org.apache.velocity - Could not load resource 'VM_global_library.vm' from ResourceLoader org.apache.velocity.runtime.resource.loader.ClasspathResourceLoader: ClasspathResourceLoader Error: cannot find resource VM_global_library.vm
02:32:54.098 [Test worker] DEBUG org.apache.velocity - Velocimacro : Default library not found.
02:32:54.098 [Test worker] DEBUG org.apache.velocity - Velocimacro : allowInline = true : VMs can be defined inline in templates
02:32:54.098 [Test worker] DEBUG org.apache.velocity - Velocimacro : allowInlineToOverride = false : VMs defined inline may NOT replace previous VM definitions
02:32:54.098 [Test worker] DEBUG org.apache.velocity - Velocimacro : allowInlineLocal = false : VMs defined inline will be global in scope if allowed.
02:32:54.098 [Test worker] DEBUG org.apache.velocity - Velocimacro : autoload off : VM system will not automatically reload global library macros
02:32:54.098 [Test worker] DEBUG org.apache.velocity - CommonsLogLogChute name is 'org.apache.velocity'
02:32:54.098 [Test worker] DEBUG org.apache.velocity - Initializing Velocity, Calling init()...
02:32:54.098 [Test worker] DEBUG org.apache.velocity - Starting Apache Velocity v1.7 (compiled: 2010-11-19 12:14:37)
02:32:54.098 [Test worker] DEBUG org.apache.velocity - Default Properties File: org\apache\velocity\runtime\defaults\velocity.properties
02:32:54.098 [Test worker] DEBUG org.apache.velocity - Trying to use logger class org.apache.velocity.runtime.log.AvalonLogChute
02:32:54.098 [Test worker] DEBUG org.apache.velocity - Target log system for org.apache.velocity.runtime.log.AvalonLogChute is not available (java.lang.NoClassDefFoundError: org/apache/log/format/Formatter).  Falling back to next log system...
02:32:54.098 [Test worker] DEBUG org.apache.velocity - Trying to use logger class org.apache.velocity.runtime.log.Log4JLogChute
02:32:54.098 [Test worker] DEBUG org.apache.velocity - Target log system for org.apache.velocity.runtime.log.Log4JLogChute is not available (java.lang.NoClassDefFoundError: org/apache/log4j/Layout).  Falling back to next log system...
02:32:54.098 [Test worker] DEBUG org.apache.velocity - Trying to use logger class org.apache.velocity.runtime.log.CommonsLogLogChute
02:32:54.098 [Test worker] DEBUG org.apache.velocity - Using logger class org.apache.velocity.runtime.log.CommonsLogLogChute
02:32:54.098 [Test worker] DEBUG org.apache.velocity - ResourceLoader instantiated: org.apache.velocity.runtime.resource.loader.ClasspathResourceLoader
02:32:54.098 [Test worker] DEBUG org.apache.velocity - ResourceCache: initialized (class org.apache.velocity.runtime.resource.ResourceCacheImpl) with class java.util.Collections$SynchronizedMap cache map.
02:32:54.098 [Test worker] DEBUG org.apache.velocity - Loaded System Directive: org.apache.velocity.runtime.directive.Stop
02:32:54.098 [Test worker] DEBUG org.apache.velocity - Loaded System Directive: org.apache.velocity.runtime.directive.Define
02:32:54.098 [Test worker] DEBUG org.apache.velocity - Loaded System Directive: org.apache.velocity.runtime.directive.Break
02:32:54.098 [Test worker] DEBUG org.apache.velocity - Loaded System Directive: org.apache.velocity.runtime.directive.Evaluate
02:32:54.098 [Test worker] DEBUG org.apache.velocity - Loaded System Directive: org.apache.velocity.runtime.directive.Literal
02:32:54.098 [Test worker] DEBUG org.apache.velocity - Loaded System Directive: org.apache.velocity.runtime.directive.Macro
02:32:54.098 [Test worker] DEBUG org.apache.velocity - Loaded System Directive: org.apache.velocity.runtime.directive.Parse
02:32:54.098 [Test worker] DEBUG org.apache.velocity - Loaded System Directive: org.apache.velocity.runtime.directive.Include
02:32:54.098 [Test worker] DEBUG org.apache.velocity - Loaded System Directive: org.apache.velocity.runtime.directive.Foreach
02:32:54.098 [Test worker] DEBUG org.apache.velocity - Created '20' parsers.
02:32:54.098 [Test worker] DEBUG org.apache.velocity - Velocimacro : "velocimacro.library" is not set.  Trying default library: VM_global_library.vm
02:32:54.098 [Test worker] DEBUG org.apache.velocity - Could not load resource 'VM_global_library.vm' from ResourceLoader org.apache.velocity.runtime.resource.loader.ClasspathResourceLoader: ClasspathResourceLoader Error: cannot find resource VM_global_library.vm
02:32:54.098 [Test worker] DEBUG org.apache.velocity - Velocimacro : Default library not found.
02:32:54.098 [Test worker] DEBUG org.apache.velocity - Velocimacro : allowInline = true : VMs can be defined inline in templates
02:32:54.098 [Test worker] DEBUG org.apache.velocity - Velocimacro : allowInlineToOverride = false : VMs defined inline may NOT replace previous VM definitions
02:32:54.098 [Test worker] DEBUG org.apache.velocity - Velocimacro : allowInlineLocal = false : VMs defined inline will be global in scope if allowed.
02:32:54.098 [Test worker] DEBUG org.apache.velocity - Velocimacro : autoload off : VM system will not automatically reload global library macros
02:32:54.098 [Test worker] DEBUG org.apache.velocity - CommonsLogLogChute name is 'org.apache.velocity'
02:32:54.098 [Test worker] DEBUG org.apache.velocity - Initializing Velocity, Calling init()...
02:32:54.098 [Test worker] DEBUG org.apache.velocity - Starting Apache Velocity v1.7 (compiled: 2010-11-19 12:14:37)
02:32:54.098 [Test worker] DEBUG org.apache.velocity - Default Properties File: org\apache\velocity\runtime\defaults\velocity.properties
02:32:54.098 [Test worker] DEBUG org.apache.velocity - Trying to use logger class org.apache.velocity.runtime.log.AvalonLogChute
02:32:54.098 [Test worker] DEBUG org.apache.velocity - Target log system for org.apache.velocity.runtime.log.AvalonLogChute is not available (java.lang.NoClassDefFoundError: org/apache/log/format/Formatter).  Falling back to next log system...
02:32:54.098 [Test worker] DEBUG org.apache.velocity - Trying to use logger class org.apache.velocity.runtime.log.Log4JLogChute
02:32:54.114 [Test worker] DEBUG org.apache.velocity - Target log system for org.apache.velocity.runtime.log.Log4JLogChute is not available (java.lang.NoClassDefFoundError: org/apache/log4j/Layout).  Falling back to next log system...
02:32:54.114 [Test worker] DEBUG org.apache.velocity - Trying to use logger class org.apache.velocity.runtime.log.CommonsLogLogChute
02:32:54.114 [Test worker] DEBUG org.apache.velocity - Using logger class org.apache.velocity.runtime.log.CommonsLogLogChute
02:32:54.114 [Test worker] DEBUG org.apache.velocity - ResourceLoader instantiated: org.apache.velocity.runtime.resource.loader.ClasspathResourceLoader
02:32:54.114 [Test worker] DEBUG org.apache.velocity - ResourceCache: initialized (class org.apache.velocity.runtime.resource.ResourceCacheImpl) with class java.util.Collections$SynchronizedMap cache map.
02:32:54.114 [Test worker] DEBUG org.apache.velocity - Loaded System Directive: org.apache.velocity.runtime.directive.Stop
02:32:54.114 [Test worker] DEBUG org.apache.velocity - Loaded System Directive: org.apache.velocity.runtime.directive.Define
02:32:54.114 [Test worker] DEBUG org.apache.velocity - Loaded System Directive: org.apache.velocity.runtime.directive.Break
02:32:54.114 [Test worker] DEBUG org.apache.velocity - Loaded System Directive: org.apache.velocity.runtime.directive.Evaluate
02:32:54.114 [Test worker] DEBUG org.apache.velocity - Loaded System Directive: org.apache.velocity.runtime.directive.Literal
02:32:54.114 [Test worker] DEBUG org.apache.velocity - Loaded System Directive: org.apache.velocity.runtime.directive.Macro
02:32:54.114 [Test worker] DEBUG org.apache.velocity - Loaded System Directive: org.apache.velocity.runtime.directive.Parse
02:32:54.114 [Test worker] DEBUG org.apache.velocity - Loaded System Directive: org.apache.velocity.runtime.directive.Include
02:32:54.114 [Test worker] DEBUG org.apache.velocity - Loaded System Directive: org.apache.velocity.runtime.directive.Foreach
02:32:54.114 [Test worker] DEBUG org.apache.velocity - Created '20' parsers.
02:32:54.114 [Test worker] DEBUG org.apache.velocity - Velocimacro : "velocimacro.library" is not set.  Trying default library: VM_global_library.vm
02:32:54.114 [Test worker] DEBUG org.apache.velocity - Could not load resource 'VM_global_library.vm' from ResourceLoader org.apache.velocity.runtime.resource.loader.ClasspathResourceLoader: ClasspathResourceLoader Error: cannot find resource VM_global_library.vm
02:32:54.114 [Test worker] DEBUG org.apache.velocity - Velocimacro : Default library not found.
02:32:54.114 [Test worker] DEBUG org.apache.velocity - Velocimacro : allowInline = true : VMs can be defined inline in templates
02:32:54.114 [Test worker] DEBUG org.apache.velocity - Velocimacro : allowInlineToOverride = false : VMs defined inline may NOT replace previous VM definitions
02:32:54.114 [Test worker] DEBUG org.apache.velocity - Velocimacro : allowInlineLocal = false : VMs defined inline will be global in scope if allowed.
02:32:54.114 [Test worker] DEBUG org.apache.velocity - Velocimacro : autoload off : VM system will not automatically reload global library macros
02:32:54.114 [Test worker] DEBUG org.apache.velocity - CommonsLogLogChute name is 'org.apache.velocity'
02:32:54.114 [Test worker] DEBUG org.apache.velocity - Initializing Velocity, Calling init()...
02:32:54.114 [Test worker] DEBUG org.apache.velocity - Starting Apache Velocity v1.7 (compiled: 2010-11-19 12:14:37)
02:32:54.114 [Test worker] DEBUG org.apache.velocity - Default Properties File: org\apache\velocity\runtime\defaults\velocity.properties
02:32:54.114 [Test worker] DEBUG org.apache.velocity - Trying to use logger class org.apache.velocity.runtime.log.AvalonLogChute
02:32:54.114 [Test worker] DEBUG org.apache.velocity - Target log system for org.apache.velocity.runtime.log.AvalonLogChute is not available (java.lang.NoClassDefFoundError: org/apache/log/format/Formatter).  Falling back to next log system...
02:32:54.114 [Test worker] DEBUG org.apache.velocity - Trying to use logger class org.apache.velocity.runtime.log.Log4JLogChute
02:32:54.114 [Test worker] DEBUG org.apache.velocity - Target log system for org.apache.velocity.runtime.log.Log4JLogChute is not available (java.lang.NoClassDefFoundError: org/apache/log4j/Layout).  Falling back to next log system...
02:32:54.114 [Test worker] DEBUG org.apache.velocity - Trying to use logger class org.apache.velocity.runtime.log.CommonsLogLogChute
02:32:54.114 [Test worker] DEBUG org.apache.velocity - Using logger class org.apache.velocity.runtime.log.CommonsLogLogChute
02:32:54.114 [Test worker] DEBUG org.apache.velocity - ResourceLoader instantiated: org.apache.velocity.runtime.resource.loader.ClasspathResourceLoader
02:32:54.114 [Test worker] DEBUG org.apache.velocity - ResourceCache: initialized (class org.apache.velocity.runtime.resource.ResourceCacheImpl) with class java.util.Collections$SynchronizedMap cache map.
02:32:54.114 [Test worker] DEBUG org.apache.velocity - Loaded System Directive: org.apache.velocity.runtime.directive.Stop
02:32:54.114 [Test worker] DEBUG org.apache.velocity - Loaded System Directive: org.apache.velocity.runtime.directive.Define
02:32:54.114 [Test worker] DEBUG org.apache.velocity - Loaded System Directive: org.apache.velocity.runtime.directive.Break
02:32:54.114 [Test worker] DEBUG org.apache.velocity - Loaded System Directive: org.apache.velocity.runtime.directive.Evaluate
02:32:54.114 [Test worker] DEBUG org.apache.velocity - Loaded System Directive: org.apache.velocity.runtime.directive.Literal
02:32:54.114 [Test worker] DEBUG org.apache.velocity - Loaded System Directive: org.apache.velocity.runtime.directive.Macro
02:32:54.114 [Test worker] DEBUG org.apache.velocity - Loaded System Directive: org.apache.velocity.runtime.directive.Parse
02:32:54.114 [Test worker] DEBUG org.apache.velocity - Loaded System Directive: org.apache.velocity.runtime.directive.Include
02:32:54.114 [Test worker] DEBUG org.apache.velocity - Loaded System Directive: org.apache.velocity.runtime.directive.Foreach
02:32:54.114 [Test worker] DEBUG org.apache.velocity - Created '20' parsers.
02:32:54.114 [Test worker] DEBUG org.apache.velocity - Velocimacro : "velocimacro.library" is not set.  Trying default library: VM_global_library.vm
02:32:54.114 [Test worker] DEBUG org.apache.velocity - Could not load resource 'VM_global_library.vm' from ResourceLoader org.apache.velocity.runtime.resource.loader.ClasspathResourceLoader: ClasspathResourceLoader Error: cannot find resource VM_global_library.vm
02:32:54.114 [Test worker] DEBUG org.apache.velocity - Velocimacro : Default library not found.
02:32:54.114 [Test worker] DEBUG org.apache.velocity - Velocimacro : allowInline = true : VMs can be defined inline in templates
02:32:54.114 [Test worker] DEBUG org.apache.velocity - Velocimacro : allowInlineToOverride = false : VMs defined inline may NOT replace previous VM definitions
02:32:54.114 [Test worker] DEBUG org.apache.velocity - Velocimacro : allowInlineLocal = false : VMs defined inline will be global in scope if allowed.
02:32:54.114 [Test worker] DEBUG org.apache.velocity - Velocimacro : autoload off : VM system will not automatically reload global library macros
02:32:54.114 [Test worker] DEBUG org.apache.velocity - CommonsLogLogChute name is 'org.apache.velocity'
02:32:54.114 [Test worker] DEBUG org.apache.velocity - Initializing Velocity, Calling init()...
02:32:54.114 [Test worker] DEBUG org.apache.velocity - Starting Apache Velocity v1.7 (compiled: 2010-11-19 12:14:37)
02:32:54.114 [Test worker] DEBUG org.apache.velocity - Default Properties File: org\apache\velocity\runtime\defaults\velocity.properties
02:32:54.114 [Test worker] DEBUG org.apache.velocity - Trying to use logger class org.apache.velocity.runtime.log.AvalonLogChute
02:32:54.114 [Test worker] DEBUG org.apache.velocity - Target log system for org.apache.velocity.runtime.log.AvalonLogChute is not available (java.lang.NoClassDefFoundError: org/apache/log/format/Formatter).  Falling back to next log system...
02:32:54.114 [Test worker] DEBUG org.apache.velocity - Trying to use logger class org.apache.velocity.runtime.log.Log4JLogChute
02:32:54.114 [Test worker] DEBUG org.apache.velocity - Target log system for org.apache.velocity.runtime.log.Log4JLogChute is not available (java.lang.NoClassDefFoundError: org/apache/log4j/Layout).  Falling back to next log system...
02:32:54.114 [Test worker] DEBUG org.apache.velocity - Trying to use logger class org.apache.velocity.runtime.log.CommonsLogLogChute
02:32:54.114 [Test worker] DEBUG org.apache.velocity - Using logger class org.apache.velocity.runtime.log.CommonsLogLogChute
02:32:54.114 [Test worker] DEBUG org.apache.velocity - ResourceLoader instantiated: org.apache.velocity.runtime.resource.loader.ClasspathResourceLoader
02:32:54.114 [Test worker] DEBUG org.apache.velocity - ResourceCache: initialized (class org.apache.velocity.runtime.resource.ResourceCacheImpl) with class java.util.Collections$SynchronizedMap cache map.
02:32:54.114 [Test worker] DEBUG org.apache.velocity - Loaded System Directive: org.apache.velocity.runtime.directive.Stop
02:32:54.114 [Test worker] DEBUG org.apache.velocity - Loaded System Directive: org.apache.velocity.runtime.directive.Define
02:32:54.114 [Test worker] DEBUG org.apache.velocity - Loaded System Directive: org.apache.velocity.runtime.directive.Break
02:32:54.114 [Test worker] DEBUG org.apache.velocity - Loaded System Directive: org.apache.velocity.runtime.directive.Evaluate
02:32:54.129 [Test worker] DEBUG org.apache.velocity - Loaded System Directive: org.apache.velocity.runtime.directive.Literal
02:32:54.129 [Test worker] DEBUG org.apache.velocity - Loaded System Directive: org.apache.velocity.runtime.directive.Macro
02:32:54.129 [Test worker] DEBUG org.apache.velocity - Loaded System Directive: org.apache.velocity.runtime.directive.Parse
02:32:54.129 [Test worker] DEBUG org.apache.velocity - Loaded System Directive: org.apache.velocity.runtime.directive.Include
02:32:54.129 [Test worker] DEBUG org.apache.velocity - Loaded System Directive: org.apache.velocity.runtime.directive.Foreach
02:32:54.129 [Test worker] DEBUG org.apache.velocity - Created '20' parsers.
02:32:54.129 [Test worker] DEBUG org.apache.velocity - Velocimacro : "velocimacro.library" is not set.  Trying default library: VM_global_library.vm
02:32:54.129 [Test worker] DEBUG org.apache.velocity - Could not load resource 'VM_global_library.vm' from ResourceLoader org.apache.velocity.runtime.resource.loader.ClasspathResourceLoader: ClasspathResourceLoader Error: cannot find resource VM_global_library.vm
02:32:54.129 [Test worker] DEBUG org.apache.velocity - Velocimacro : Default library not found.
02:32:54.129 [Test worker] DEBUG org.apache.velocity - Velocimacro : allowInline = true : VMs can be defined inline in templates
02:32:54.129 [Test worker] DEBUG org.apache.velocity - Velocimacro : allowInlineToOverride = false : VMs defined inline may NOT replace previous VM definitions
02:32:54.129 [Test worker] DEBUG org.apache.velocity - Velocimacro : allowInlineLocal = false : VMs defined inline will be global in scope if allowed.
02:32:54.129 [Test worker] DEBUG org.apache.velocity - Velocimacro : autoload off : VM system will not automatically reload global library macros
02:32:54.129 [Test worker] DEBUG org.apache.velocity - CommonsLogLogChute name is 'org.apache.velocity'
02:32:54.129 [Test worker] DEBUG org.apache.velocity - Initializing Velocity, Calling init()...
02:32:54.129 [Test worker] DEBUG org.apache.velocity - Starting Apache Velocity v1.7 (compiled: 2010-11-19 12:14:37)
02:32:54.129 [Test worker] DEBUG org.apache.velocity - Default Properties File: org\apache\velocity\runtime\defaults\velocity.properties
02:32:54.129 [Test worker] DEBUG org.apache.velocity - Trying to use logger class org.apache.velocity.runtime.log.AvalonLogChute
02:32:54.129 [Test worker] DEBUG org.apache.velocity - Target log system for org.apache.velocity.runtime.log.AvalonLogChute is not available (java.lang.NoClassDefFoundError: org/apache/log/format/Formatter).  Falling back to next log system...
02:32:54.129 [Test worker] DEBUG org.apache.velocity - Trying to use logger class org.apache.velocity.runtime.log.Log4JLogChute
02:32:54.129 [Test worker] DEBUG org.apache.velocity - Target log system for org.apache.velocity.runtime.log.Log4JLogChute is not available (java.lang.NoClassDefFoundError: org/apache/log4j/Layout).  Falling back to next log system...
02:32:54.129 [Test worker] DEBUG org.apache.velocity - Trying to use logger class org.apache.velocity.runtime.log.CommonsLogLogChute
02:32:54.129 [Test worker] DEBUG org.apache.velocity - Using logger class org.apache.velocity.runtime.log.CommonsLogLogChute
02:32:54.129 [Test worker] DEBUG org.apache.velocity - ResourceLoader instantiated: org.apache.velocity.runtime.resource.loader.ClasspathResourceLoader
[...]
02:32:55.129 [Test worker] DEBUG org.apache.velocity - ResourceManager : found /templates/head.vm with loader org.apache.velocity.runtime.resource.loader.ClasspathResourceLoader
02:32:55.129 [Test worker] DEBUG org.apache.velocity - Velocimacro : added VM stringArray: source=/templates/macros/array.js.vm
02:32:55.129 [Test worker] DEBUG org.apache.velocity - Velocimacro : added VM numberArray: source=/templates/macros/array.js.vm
02:32:55.129 [Test worker] DEBUG org.apache.velocity - ResourceManager : found /templates/macros/array.js.vm with loader org.apache.velocity.runtime.resource.loader.ClasspathResourceLoader
02:32:55.129 [Test worker] DEBUG org.apache.velocity - Velocimacro : added VM includeBuildInfo: source=/templates/macros/page/buildinfo.vm
02:32:55.129 [Test worker] DEBUG org.apache.velocity - ResourceManager : found /templates/macros/page/buildinfo.vm with loader org.apache.velocity.runtime.resource.loader.ClasspathResourceLoader
02:32:55.129 [Test worker] DEBUG org.apache.velocity - Velocimacro : added VM includeClassifications: source=/templates/macros/page/classifications.vm
02:32:55.129 [Test worker] DEBUG org.apache.velocity - ResourceManager : found /templates/macros/page/classifications.vm with loader org.apache.velocity.runtime.resource.loader.ClasspathResourceLoader
02:32:55.129 [Test worker] DEBUG org.apache.velocity - Velocimacro : added VM includeLead: source=/templates/macros/page/lead.vm
02:32:55.129 [Test worker] DEBUG org.apache.velocity - ResourceManager : found /templates/macros/page/lead.vm with loader org.apache.velocity.runtime.resource.loader.ClasspathResourceLoader
02:32:55.145 [Test worker] DEBUG org.apache.velocity - Velocimacro : added VM includeNavigation: source=/templates/macros/page/navigation.vm
02:32:55.145 [Test worker] DEBUG org.apache.velocity - ResourceManager : found /templates/macros/page/navigation.vm with loader org.apache.velocity.runtime.resource.loader.ClasspathResourceLoader
02:32:55.145 [Test worker] DEBUG org.apache.velocity - Velocimacro : added VM includeReportInfo: source=/templates/macros/page/reportInfo.vm
02:32:55.145 [Test worker] DEBUG org.apache.velocity - ResourceManager : found /templates/macros/page/reportInfo.vm with loader org.apache.velocity.runtime.resource.loader.ClasspathResourceLoader
02:32:55.145 [Test worker] DEBUG org.apache.velocity - Velocimacro : added VM includeTitle: source=/templates/macros/page/title.vm
02:32:55.145 [Test worker] DEBUG org.apache.velocity - ResourceManager : found /templates/macros/page/title.vm with loader org.apache.velocity.runtime.resource.loader.ClasspathResourceLoader
02:32:55.145 [Test worker] DEBUG org.apache.velocity - Velocimacro : added VM includeExpandingButtons: source=/templates/macros/report/expandAllButtons.vm
02:32:55.145 [Test worker] DEBUG org.apache.velocity - ResourceManager : found /templates/macros/report/expandAllButtons.vm with loader org.apache.velocity.runtime.resource.loader.ClasspathResourceLoader
02:32:55.145 [Test worker] DEBUG org.apache.velocity - Velocimacro : added VM includeReportTable: source=/templates/macros/report/reportTable.vm
02:32:55.145 [Test worker] DEBUG org.apache.velocity - ResourceManager : found /templates/macros/report/reportTable.vm with loader org.apache.velocity.runtime.resource.loader.ClasspathResourceLoader
02:32:55.145 [Test worker] DEBUG org.apache.velocity - Velocimacro : added VM includeReportHeader: source=/templates/macros/report/reportHeader.vm
02:32:55.145 [Test worker] DEBUG org.apache.velocity - ResourceManager : found /templates/macros/report/reportHeader.vm with loader org.apache.velocity.runtime.resource.loader.ClasspathResourceLoader
02:32:55.145 [Test worker] DEBUG org.apache.velocity - Velocimacro : added VM includeStatsTable: source=/templates/macros/report/statsTable.vm
02:32:55.145 [Test worker] DEBUG org.apache.velocity - ResourceManager : found /templates/macros/report/statsTable.vm with loader org.apache.velocity.runtime.resource.loader.ClasspathResourceLoader
02:32:55.145 [Test worker] DEBUG org.apache.velocity - Velocimacro : added VM includeBrief: source=/templates/macros/json/brief.vm
02:32:55.145 [Test worker] DEBUG org.apache.velocity - ResourceManager : found /templates/macros/json/brief.vm with loader org.apache.velocity.runtime.resource.loader.ClasspathResourceLoader
02:32:55.145 [Test worker] DEBUG org.apache.velocity - Velocimacro : added VM includeDocString: source=/templates/macros/json/docstring.vm
02:32:55.145 [Test worker] DEBUG org.apache.velocity - ResourceManager : found /templates/macros/json/docstring.vm with loader org.apache.velocity.runtime.resource.loader.ClasspathResourceLoader
02:32:55.145 [Test worker] DEBUG org.apache.velocity - Velocimacro : added VM includeDuration: source=/templates/macros/json/duration.vm
02:32:55.145 [Test worker] DEBUG org.apache.velocity - ResourceManager : found /templates/macros/json/duration.vm with loader org.apache.velocity.runtime.resource.loader.ClasspathResourceLoader
02:32:55.145 [Test worker] DEBUG org.apache.velocity - Velocimacro : added VM includeElement: source=/templates/macros/json/element.vm
02:32:55.145 [Test worker] DEBUG org.apache.velocity - ResourceManager : found /templates/macros/json/element.vm with loader org.apache.velocity.runtime.resource.loader.ClasspathResourceLoader
02:32:55.145 [Test worker] DEBUG org.apache.velocity - Velocimacro : added VM includeEmbeddings: source=/templates/macros/json/embeddings.vm
02:32:55.145 [Test worker] DEBUG org.apache.velocity - Velocimacro : added VM includeHtmlEmbedding: source=/templates/macros/json/embeddings.vm
02:32:55.145 [Test worker] DEBUG org.apache.velocity - Velocimacro : added VM includeImageEmbedding: source=/templates/macros/json/embeddings.vm
02:32:55.145 [Test worker] DEBUG org.apache.velocity - Velocimacro : added VM includeImageReferenceEmbedding: source=/templates/macros/json/embeddings.vm
02:32:55.145 [Test worker] DEBUG org.apache.velocity - Velocimacro : added VM includeTextEmbedding: source=/templates/macros/json/embeddings.vm
02:32:55.145 [Test worker] DEBUG org.apache.velocity - Velocimacro : added VM includeUnknownEmbedding: source=/templates/macros/json/embeddings.vm
02:32:55.145 [Test worker] DEBUG org.apache.velocity - ResourceManager : found /templates/macros/json/embeddings.vm with loader org.apache.velocity.runtime.resource.loader.ClasspathResourceLoader
02:32:55.145 [Test worker] DEBUG org.apache.velocity - Velocimacro : added VM includeHooks: source=/templates/macros/json/hooks.vm
02:32:55.145 [Test worker] DEBUG org.apache.velocity - ResourceManager : found /templates/macros/json/hooks.vm with loader org.apache.velocity.runtime.resource.loader.ClasspathResourceLoader
02:32:55.145 [Test worker] DEBUG org.apache.velocity - Velocimacro : added VM includeOutput: source=/templates/macros/json/output.vm
02:32:55.145 [Test worker] DEBUG org.apache.velocity - ResourceManager : found /templates/macros/json/output.vm with loader org.apache.velocity.runtime.resource.loader.ClasspathResourceLoader
02:32:55.145 [Test worker] DEBUG org.apache.velocity - Velocimacro : added VM includeMessage: source=/templates/macros/json/message.vm
02:32:55.145 [Test worker] DEBUG org.apache.velocity - ResourceManager : found /templates/macros/json/message.vm with loader org.apache.velocity.runtime.resource.loader.ClasspathResourceLoader
02:32:55.145 [Test worker] DEBUG org.apache.velocity - Velocimacro : added VM includeSteps: source=/templates/macros/json/steps.vm
02:32:55.145 [Test worker] DEBUG org.apache.velocity - ResourceManager : found /templates/macros/json/steps.vm with loader org.apache.velocity.runtime.resource.loader.ClasspathResourceLoader
02:32:55.145 [Test worker] DEBUG org.apache.velocity - Velocimacro : added VM includeTags: source=/templates/macros/json/tags.vm
02:32:55.145 [Test worker] DEBUG org.apache.velocity - ResourceManager : found /templates/macros/json/tags.vm with loader org.apache.velocity.runtime.resource.loader.ClasspathResourceLoader
02:32:55.145 [Test worker] DEBUG org.apache.velocity - ResourceManager : found /templates/footer.vm with loader org.apache.velocity.runtime.resource.loader.ClasspathResourceLoader
02:32:55.145 [Test worker] DEBUG org.apache.velocity - ResourceManager : found templates/generators/overviewFailures.vm with loader org.apache.velocity.runtime.resource.loader.ClasspathResourceLoader
02:32:55.145 [Test worker] DEBUG org.apache.velocity - ResourceManager : found /templates/headers.vm with loader org.apache.velocity.runtime.resource.loader.ClasspathResourceLoader
02:32:55.145 [Test worker] DEBUG org.apache.velocity - ResourceManager : found /templates/head.vm with loader org.apache.velocity.runtime.resource.loader.ClasspathResourceLoader
02:32:55.145 [Test worker] DEBUG org.apache.velocity - Velocimacro : added VM stringArray: source=/templates/macros/array.js.vm
02:32:55.145 [Test worker] DEBUG org.apache.velocity - Velocimacro : added VM numberArray: source=/templates/macros/array.js.vm
02:32:55.145 [Test worker] DEBUG org.apache.velocity - ResourceManager : found /templates/macros/array.js.vm with loader org.apache.velocity.runtime.resource.loader.ClasspathResourceLoader
02:32:55.145 [Test worker] DEBUG org.apache.velocity - Velocimacro : added VM includeBuildInfo: source=/templates/macros/page/buildinfo.vm
02:32:55.145 [Test worker] DEBUG org.apache.velocity - ResourceManager : found /templates/macros/page/buildinfo.vm with loader org.apache.velocity.runtime.resource.loader.ClasspathResourceLoader
02:32:55.145 [Test worker] DEBUG org.apache.velocity - Velocimacro : added VM includeClassifications: source=/templates/macros/page/classifications.vm
02:32:55.145 [Test worker] DEBUG org.apache.velocity - ResourceManager : found /templates/macros/page/classifications.vm with loader org.apache.velocity.runtime.resource.loader.ClasspathResourceLoader
02:32:55.145 [Test worker] DEBUG org.apache.velocity - Velocimacro : added VM includeLead: source=/templates/macros/page/lead.vm
02:32:55.145 [Test worker] DEBUG org.apache.velocity - ResourceManager : found /templates/macros/page/lead.vm with loader org.apache.velocity.runtime.resource.loader.ClasspathResourceLoader
02:32:55.145 [Test worker] DEBUG org.apache.velocity - Velocimacro : added VM includeNavigation: source=/templates/macros/page/navigation.vm
02:32:55.145 [Test worker] DEBUG org.apache.velocity - ResourceManager : found /templates/macros/page/navigation.vm with loader org.apache.velocity.runtime.resource.loader.ClasspathResourceLoader
02:32:55.145 [Test worker] DEBUG org.apache.velocity - Velocimacro : added VM includeReportInfo: source=/templates/macros/page/reportInfo.vm
02:32:55.145 [Test worker] DEBUG org.apache.velocity - ResourceManager : found /templates/macros/page/reportInfo.vm with loader org.apache.velocity.runtime.resource.loader.ClasspathResourceLoader
02:32:55.145 [Test worker] DEBUG org.apache.velocity - Velocimacro : added VM includeTitle: source=/templates/macros/page/title.vm
02:32:55.145 [Test worker] DEBUG org.apache.velocity - ResourceManager : found /templates/macros/page/title.vm with loader org.apache.velocity.runtime.resource.loader.ClasspathResourceLoader
02:32:55.145 [Test worker] DEBUG org.apache.velocity - Velocimacro : added VM includeExpandingButtons: source=/templates/macros/report/expandAllButtons.vm
02:32:55.145 [Test worker] DEBUG org.apache.velocity - ResourceManager : found /templates/macros/report/expandAllButtons.vm with loader org.apache.velocity.runtime.resource.loader.ClasspathResourceLoader
02:32:55.145 [Test worker] DEBUG org.apache.velocity - Velocimacro : added VM includeReportTable: source=/templates/macros/report/reportTable.vm
02:32:55.145 [Test worker] DEBUG org.apache.velocity - ResourceManager : found /templates/macros/report/reportTable.vm with loader org.apache.velocity.runtime.resource.loader.ClasspathResourceLoader
02:32:55.145 [Test worker] DEBUG org.apache.velocity - Velocimacro : added VM includeReportHeader: source=/templates/macros/report/reportHeader.vm
02:32:55.145 [Test worker] DEBUG org.apache.velocity - ResourceManager : found /templates/macros/report/reportHeader.vm with loader org.apache.velocity.runtime.resource.loader.ClasspathResourceLoader
02:32:55.145 [Test worker] DEBUG org.apache.velocity - Velocimacro : added VM includeStatsTable: source=/templates/macros/report/statsTable.vm
02:32:55.145 [Test worker] DEBUG org.apache.velocity - ResourceManager : found /templates/macros/report/statsTable.vm with loader org.apache.velocity.runtime.resource.loader.ClasspathResourceLoader
02:32:55.145 [Test worker] DEBUG org.apache.velocity - Velocimacro : added VM includeBrief: source=/templates/macros/json/brief.vm
02:32:55.145 [Test worker] DEBUG org.apache.velocity - ResourceManager : found /templates/macros/json/brief.vm with loader org.apache.velocity.runtime.resource.loader.ClasspathResourceLoader
02:32:55.145 [Test worker] DEBUG org.apache.velocity - Velocimacro : added VM includeDocString: source=/templates/macros/json/docstring.vm
02:32:55.145 [Test worker] DEBUG org.apache.velocity - ResourceManager : found /templates/macros/json/docstring.vm with loader org.apache.velocity.runtime.resource.loader.ClasspathResourceLoader
02:32:55.145 [Test worker] DEBUG org.apache.velocity - Velocimacro : added VM includeDuration: source=/templates/macros/json/duration.vm
02:32:55.145 [Test worker] DEBUG org.apache.velocity - ResourceManager : found /templates/macros/json/duration.vm with loader org.apache.velocity.runtime.resource.loader.ClasspathResourceLoader
02:32:55.145 [Test worker] DEBUG org.apache.velocity - Velocimacro : added VM includeElement: source=/templates/macros/json/element.vm
02:32:55.145 [Test worker] DEBUG org.apache.velocity - ResourceManager : found /templates/macros/json/element.vm with loader org.apache.velocity.runtime.resource.loader.ClasspathResourceLoader
02:32:55.145 [Test worker] DEBUG org.apache.velocity - Velocimacro : added VM includeEmbeddings: source=/templates/macros/json/embeddings.vm
02:32:55.145 [Test worker] DEBUG org.apache.velocity - Velocimacro : added VM includeHtmlEmbedding: source=/templates/macros/json/embeddings.vm
02:32:55.145 [Test worker] DEBUG org.apache.velocity - Velocimacro : added VM includeImageEmbedding: source=/templates/macros/json/embeddings.vm
02:32:55.145 [Test worker] DEBUG org.apache.velocity - Velocimacro : added VM includeImageReferenceEmbedding: source=/templates/macros/json/embeddings.vm
02:32:55.145 [Test worker] DEBUG org.apache.velocity - Velocimacro : added VM includeTextEmbedding: source=/templates/macros/json/embeddings.vm
02:32:55.145 [Test worker] DEBUG org.apache.velocity - Velocimacro : added VM includeUnknownEmbedding: source=/templates/macros/json/embeddings.vm
02:32:55.145 [Test worker] DEBUG org.apache.velocity - ResourceManager : found /templates/macros/json/embeddings.vm with loader org.apache.velocity.runtime.resource.loader.ClasspathResourceLoader
02:32:55.145 [Test worker] DEBUG org.apache.velocity - Velocimacro : added VM includeHooks: source=/templates/macros/json/hooks.vm
02:32:55.145 [Test worker] DEBUG org.apache.velocity - ResourceManager : found /templates/macros/json/hooks.vm with loader org.apache.velocity.runtime.resource.loader.ClasspathResourceLoader
02:32:55.145 [Test worker] DEBUG org.apache.velocity - Velocimacro : added VM includeOutput: source=/templates/macros/json/output.vm
02:32:55.145 [Test worker] DEBUG org.apache.velocity - ResourceManager : found /templates/macros/json/output.vm with loader org.apache.velocity.runtime.resource.loader.ClasspathResourceLoader
02:32:55.145 [Test worker] DEBUG org.apache.velocity - Velocimacro : added VM includeMessage: source=/templates/macros/json/message.vm
02:32:55.145 [Test worker] DEBUG org.apache.velocity - ResourceManager : found /templates/macros/json/message.vm with loader org.apache.velocity.runtime.resource.loader.ClasspathResourceLoader
02:32:55.145 [Test worker] DEBUG org.apache.velocity - Velocimacro : added VM includeSteps: source=/templates/macros/json/steps.vm
02:32:55.145 [Test worker] DEBUG org.apache.velocity - ResourceManager : found /templates/macros/json/steps.vm with loader org.apache.velocity.runtime.resource.loader.ClasspathResourceLoader
02:32:55.145 [Test worker] DEBUG org.apache.velocity - Velocimacro : added VM includeTags: source=/templates/macros/json/tags.vm
02:32:55.145 [Test worker] DEBUG org.apache.velocity - ResourceManager : found /templates/macros/json/tags.vm with loader org.apache.velocity.runtime.resource.loader.ClasspathResourceLoader
02:32:55.161 [Test worker] DEBUG org.apache.velocity - VM #includeBrief: too few arguments to macro. Wanted 5 got 4
02:32:55.161 [Test worker] DEBUG org.apache.velocity - VM #includeBrief: too few arguments to macro. Wanted 5 got 4
02:32:55.161 [Test worker] DEBUG org.apache.velocity - VM #includeBrief: too few arguments to macro. Wanted 5 got 4
02:32:55.161 [Test worker] DEBUG org.apache.velocity - VM #includeBrief: too few arguments to macro. Wanted 5 got 4
02:32:55.161 [Test worker] DEBUG org.apache.velocity - VM #includeBrief: too few arguments to macro. Wanted 5 got 4
02:32:55.161 [Test worker] DEBUG org.apache.velocity - VM #includeBrief: too few arguments to macro. Wanted 5 got 4
02:32:55.161 [Test worker] DEBUG org.apache.velocity - VM #includeBrief: too few arguments to macro. Wanted 5 got 4
02:32:55.161 [Test worker] DEBUG org.apache.velocity - VM #includeBrief: too few arguments to macro. Wanted 5 got 4
02:32:55.161 [Test worker] DEBUG org.apache.velocity - VM #includeBrief: too few arguments to macro. Wanted 5 got 4
02:32:55.161 [Test worker] DEBUG org.apache.velocity - VM #includeBrief: too few arguments to macro. Wanted 5 got 4
02:32:55.161 [Test worker] DEBUG org.apache.velocity - VM #includeBrief: too few arguments to macro. Wanted 5 got 4
02:32:55.161 [Test worker] DEBUG org.apache.velocity - VM #includeBrief: too few arguments to macro. Wanted 5 got 4
02:32:55.161 [Test worker] DEBUG org.apache.velocity - VM #includeBrief: too few arguments to macro. Wanted 5 got 4
02:32:55.161 [Test worker] DEBUG org.apache.velocity - VM #includeBrief: too few arguments to macro. Wanted 5 got 4
02:32:55.161 [Test worker] DEBUG org.apache.velocity - VM #includeBrief: too few arguments to macro. Wanted 5 got 4
02:32:55.161 [Test worker] DEBUG org.apache.velocity - VM #includeBrief: too few arguments to macro. Wanted 5 got 4
02:32:55.161 [Test worker] DEBUG org.apache.velocity - VM #includeBrief: too few arguments to macro. Wanted 5 got 4
02:32:55.161 [Test worker] DEBUG org.apache.velocity - VM #includeBrief: too few arguments to macro. Wanted 5 got 4
02:32:55.161 [Test worker] DEBUG org.apache.velocity - VM #includeBrief: too few arguments to macro. Wanted 5 got 4
02:32:55.161 [Test worker] DEBUG org.apache.velocity - VM #includeBrief: too few arguments to macro. Wanted 5 got 4
02:32:55.161 [Test worker] DEBUG org.apache.velocity - VM #includeBrief: too few arguments to macro. Wanted 5 got 4
02:32:55.161 [Test worker] DEBUG org.apache.velocity - VM #includeBrief: too few arguments to macro. Wanted 5 got 4
02:32:55.161 [Test worker] DEBUG org.apache.velocity - VM #includeBrief: too few arguments to macro. Wanted 5 got 4
02:32:55.161 [Test worker] DEBUG org.apache.velocity - VM #includeBrief: too few arguments to macro. Wanted 5 got 4
02:32:55.161 [Test worker] DEBUG org.apache.velocity - VM #includeBrief: too few arguments to macro. Wanted 5 got 4
02:32:55.161 [Test worker] DEBUG org.apache.velocity - VM #includeBrief: too few arguments to macro. Wanted 5 got 4
02:32:55.161 [Test worker] DEBUG org.apache.velocity - ResourceManager : found /templates/footer.vm with loader org.apache.velocity.runtime.resource.loader.ClasspathResourceLoader
]]></system-out>
  <system-err><![CDATA[ERROR StatusLogger No log4j2 configuration file found. Using default configuration: logging only errors to the console.
]]></system-err>
</testsuite>
