<testsuite failures="0" name="src/test/java/featurefiles/karate01.feature" skipped="0" tests="1" time="0.04849">
  <testcase classname="src.test.java.featurefiles.karate01" name="Karate Test Case 3" time="0.04849">
    <system-out>* def a = 10 .............................................................. passed
* def b = 20 .............................................................. passed
* def c = a+b ............................................................. passed
* assert c == 30 .......................................................... passed
* print "c= ",c ........................................................... passed
* karate.log("end of the test") ........................................... passed</system-out>
  </testcase>
</testsuite>
