<testsuite failures="0" name="src/test/java/featurefiles/karate23_usingconfigfile.feature" skipped="0" tests="1" time="0.747132">
  <testcase classname="src.test.java.featurefiles.karate23_usingconfigfile" name="Karate Config Test Case" time="0.747132">
    <system-out>Given url baseUrl ......................................................... passed
And path listUsers ........................................................ passed
When method get ........................................................... passed
Then status 200 ........................................................... passed
* print response .......................................................... passed</system-out>
  </testcase>
</testsuite>
