<testsuite failures="2" name="src/test/java/featurefiles/karate-12ddt.feature" skipped="0" tests="2" time="1.261355">
  <testcase classname="src.test.java.featurefiles.karate-12ddt" name="ddt testcase1" time="0.905031">
    <failure message="karate-12ddt.feature:10 - status code was: 500, expected: 200, response time: 512, url: https://www.w3schools.com/xml/tempconvert.asmx/CelsiusToFahrenheit, response: Missing parameter: Celsius.&#13;&#10;">Given url "https://www.w3schools.com/xml/tempconvert.asmx/CelsiusToFahrenheit" . passed
And header Content-Type = "application/x-www-form-urlencoded" ............. passed
And request "Celsius = 37" ................................................ passed
When method post .......................................................... passed
Then status 200 ........................................................... failed

Stack Trace:
com.intuit.karate.exception.KarateException: karate-12ddt.feature:10 - status code was: 500, expected: 200, response time: 512, url: https://www.w3schools.com/xml/tempconvert.asmx/CelsiusToFahrenheit, response: Missing parameter: Celsius.&#13;
&#13;
	at ✽.Then status 200 (karate-12ddt.feature:10)&#13;

* print responseHeaders ................................................... skipped
* print responseType ...................................................... skipped
* print response .......................................................... skipped
* match responseType == "xml" ............................................. skipped
* assert responseTime &lt;= 1000 ............................................. skipped
* match response //string == 98.6 ......................................... skipped</failure>
  </testcase>
  <testcase classname="src.test.java.featurefiles.karate-12ddt" name="ddt testcase1" time="0.356324">
    <failure message="karate-12ddt.feature:10 - status code was: 500, expected: 200, response time: 350, url: https://www.w3schools.com/xml/tempconvert.asmx/CelsiusToFahrenheit, response: Missing parameter: Celsius.&#13;&#10;">Given url "https://www.w3schools.com/xml/tempconvert.asmx/CelsiusToFahrenheit" . passed
And header Content-Type = "application/x-www-form-urlencoded" ............. passed
And request "Celsius = 37" ................................................ passed
When method post .......................................................... passed
Then status 200 ........................................................... failed

Stack Trace:
com.intuit.karate.exception.KarateException: karate-12ddt.feature:10 - status code was: 500, expected: 200, response time: 512, url: https://www.w3schools.com/xml/tempconvert.asmx/CelsiusToFahrenheit, response: Missing parameter: Celsius.&#13;
&#13;
	at ✽.Then status 200 (karate-12ddt.feature:10)&#13;

* print responseHeaders ................................................... skipped
* print responseType ...................................................... skipped
* print response .......................................................... skipped
* match responseType == "xml" ............................................. skipped
* assert responseTime &lt;= 1000 ............................................. skipped
* match response //string == 98.6 ......................................... skipped
Given url "https://www.w3schools.com/xml/tempconvert.asmx/CelsiusToFahrenheit" . passed
And header Content-Type = "application/x-www-form-urlencoded" ............. passed
And request "Celsius = 40" ................................................ passed
When method post .......................................................... passed
Then status 200 ........................................................... failed

Stack Trace:
com.intuit.karate.exception.KarateException: karate-12ddt.feature:10 - status code was: 500, expected: 200, response time: 350, url: https://www.w3schools.com/xml/tempconvert.asmx/CelsiusToFahrenheit, response: Missing parameter: Celsius.&#13;
&#13;
	at ✽.Then status 200 (karate-12ddt.feature:10)&#13;

* print responseHeaders ................................................... skipped
* print responseType ...................................................... skipped
* print response .......................................................... skipped
* match responseType == "xml" ............................................. skipped
* assert responseTime &lt;= 1000 ............................................. skipped
* match response //string == 104 .......................................... skipped</failure>
  </testcase>
</testsuite>
