<testsuite failures="0" name="featurefiles/karate-07.feature" skipped="0" tests="1" time="0.009173">
  <testcase classname="featurefiles.karate-07" name="Datatype validation TC1" time="0.009173">
    <system-out>* def a = 10 .............................................................. passed
* def b = "karate" ........................................................ passed
* def c = true ............................................................ passed
* match a == "#number" .................................................... passed
* match b == "#string" .................................................... passed
* match c == "#boolean" ................................................... passed</system-out>
  </testcase>
</testsuite>
