<testsuite failures="2" name="featurefiles/karate03.feature" skipped="0" tests="6" time="0.022153">
  <testcase classname="featurefiles.karate03" name="xml test case 1" time="0.009047">
    <system-out>Given def xml = &lt;info&gt;&lt;id&gt;101&lt;/id&gt;&lt;tool&gt;&lt;name&gt;Karate&lt;/name&gt;&lt;version&gt;0.9.6&lt;/version&gt;&lt;/tool&gt;&lt;/info&gt; . passed
* print xml ............................................................... passed
* print xml/info/id ....................................................... passed
* print xml.info.id ....................................................... passed
* print xml.info.tool.name ................................................ passed</system-out>
  </testcase>
  <testcase classname="featurefiles.karate03" name=": xml test case 2" time="0.002595">
    <system-out>Given def xml = &lt;info&gt;&lt;id&gt;101&lt;/id&gt;&lt;tool&gt;&lt;name&gt;Karate&lt;/name&gt;&lt;version&gt;0.9.6&lt;/version&gt;&lt;/tool&gt;&lt;/info&gt; . passed
* print xml ............................................................... passed
* print xml/info/id ....................................................... passed
* print xml.info.id ....................................................... passed
* print xml.info.tool.name ................................................ passed
Given def xml = ........................................................... passed
* print xml ............................................................... passed
* print xml/info/id ....................................................... passed
* print xml.info.id ....................................................... passed
* print xml.info.tool.name ................................................ passed</system-out>
  </testcase>
  <testcase classname="featurefiles.karate03" name="xml test case 3" time="0.002952">
    <failure message="karate03.feature:30 - path: $, actual: '101', expected: '101', reason: actual value is a string">Given def xml = &lt;info&gt;&lt;id&gt;101&lt;/id&gt;&lt;tool&gt;&lt;name&gt;Karate&lt;/name&gt;&lt;version&gt;0.9.6&lt;/version&gt;&lt;/tool&gt;&lt;/info&gt; . passed
* print xml ............................................................... passed
* print xml/info/id ....................................................... passed
* print xml.info.id ....................................................... passed
* print xml.info.tool.name ................................................ passed
Given def xml = ........................................................... passed
* print xml ............................................................... passed
* print xml/info/id ....................................................... passed
* print xml.info.id ....................................................... passed
* print xml.info.tool.name ................................................ passed
Given def xml = &lt;info&gt;&lt;id&gt;101&lt;/id&gt;&lt;tool&gt;&lt;name&gt;Karate&lt;/name&gt;&lt;version&gt;0.9.6&lt;/version&gt;&lt;/tool&gt;&lt;/info&gt; . passed
* print xml ............................................................... passed
* match xml.info.id == 101 ................................................ failed

Stack Trace:
com.intuit.karate.exception.KarateException: karate03.feature:30 - path: $, actual: '101', expected: '101', reason: actual value is a string&#13;
	at ✽.* match xml.info.id == 101 (karate03.feature:30)&#13;

* match xml.info.tool.name == "Karate" .................................... skipped</failure>
  </testcase>
  <testcase classname="featurefiles.karate03" name="xml test case 4" time="0.002511">
    <system-out>Given def xml = &lt;info&gt;&lt;id&gt;101&lt;/id&gt;&lt;tool&gt;&lt;name&gt;Karate&lt;/name&gt;&lt;version&gt;0.9.6&lt;/version&gt;&lt;/tool&gt;&lt;/info&gt; . passed
* print xml ............................................................... passed
* print xml/info/id ....................................................... passed
* print xml.info.id ....................................................... passed
* print xml.info.tool.name ................................................ passed
Given def xml = ........................................................... passed
* print xml ............................................................... passed
* print xml/info/id ....................................................... passed
* print xml.info.id ....................................................... passed
* print xml.info.tool.name ................................................ passed
Given def xml = &lt;info&gt;&lt;id&gt;101&lt;/id&gt;&lt;tool&gt;&lt;name&gt;Karate&lt;/name&gt;&lt;version&gt;0.9.6&lt;/version&gt;&lt;/tool&gt;&lt;/info&gt; . passed
* print xml ............................................................... passed
* match xml.info.id == 101 ................................................ failed

Stack Trace:
com.intuit.karate.exception.KarateException: karate03.feature:30 - path: $, actual: '101', expected: '101', reason: actual value is a string&#13;
	at ✽.* match xml.info.id == 101 (karate03.feature:30)&#13;

* match xml.info.tool.name == "Karate" .................................... skipped
Given def xml = &lt;info&gt;&lt;id&gt;101&lt;/id&gt;&lt;tool&gt;&lt;name&gt;Karate&lt;/name&gt;&lt;version&gt;0.9.6&lt;/version&gt;&lt;/tool&gt;&lt;/info&gt; . passed
* match xml contains "Karate" ............................................. passed</system-out>
  </testcase>
  <testcase classname="featurefiles.karate03" name="xml test case 5" time="0.004147">
    <system-out>Given def xml = &lt;info&gt;&lt;id&gt;101&lt;/id&gt;&lt;tool&gt;&lt;name&gt;Karate&lt;/name&gt;&lt;version&gt;0.9.6&lt;/version&gt;&lt;/tool&gt;&lt;/info&gt; . passed
* print xml ............................................................... passed
* print xml/info/id ....................................................... passed
* print xml.info.id ....................................................... passed
* print xml.info.tool.name ................................................ passed
Given def xml = ........................................................... passed
* print xml ............................................................... passed
* print xml/info/id ....................................................... passed
* print xml.info.id ....................................................... passed
* print xml.info.tool.name ................................................ passed
Given def xml = &lt;info&gt;&lt;id&gt;101&lt;/id&gt;&lt;tool&gt;&lt;name&gt;Karate&lt;/name&gt;&lt;version&gt;0.9.6&lt;/version&gt;&lt;/tool&gt;&lt;/info&gt; . passed
* print xml ............................................................... passed
* match xml.info.id == 101 ................................................ failed

Stack Trace:
com.intuit.karate.exception.KarateException: karate03.feature:30 - path: $, actual: '101', expected: '101', reason: actual value is a string&#13;
	at ✽.* match xml.info.id == 101 (karate03.feature:30)&#13;

* match xml.info.tool.name == "Karate" .................................... skipped
Given def xml = &lt;info&gt;&lt;id&gt;101&lt;/id&gt;&lt;tool&gt;&lt;name&gt;Karate&lt;/name&gt;&lt;version&gt;0.9.6&lt;/version&gt;&lt;/tool&gt;&lt;/info&gt; . passed
* match xml contains "Karate" ............................................. passed
Given def xml = &lt;info&gt;&lt;id&gt;101&lt;/id&gt;&lt;tool&gt;&lt;name&gt;Karate&lt;/name&gt;&lt;version&gt;0.9.6&lt;/version&gt;&lt;/tool&gt;&lt;/info&gt; . passed
* match xml contains "&lt;name&gt;Karate&lt;/name&gt;" ................................ passed</system-out>
  </testcase>
  <testcase classname="featurefiles.karate03" name="xml test case 6" time="0.0009">
    <failure message="karate03.feature:57 - evaluation (js) failed: ( xml/info/tool[1]/name contains &quot;Karate&quot; &amp;&amp; xml/info/tool[2]/name contains &quot;IntelliJ&quot; ), javax.script.ScriptException: &lt;eval&gt;:1:24 Expected ) but found contains&#13;&#10;( xml/info/tool[1]/name contains &quot;Karate&quot; &amp;&amp; xml/info/tool[2]/name contains &quot;IntelliJ&quot; )&#13;&#10;                        ^ in &lt;eval&gt; at line number 1 at column number 24&#10;stack trace: jdk.nashorn.api.scripting.NashornScriptEngine.throwAsScriptException(NashornScriptEngine.java:470)">Given def xml = &lt;info&gt;&lt;id&gt;101&lt;/id&gt;&lt;tool&gt;&lt;name&gt;Karate&lt;/name&gt;&lt;version&gt;0.9.6&lt;/version&gt;&lt;/tool&gt;&lt;/info&gt; . passed
* print xml ............................................................... passed
* print xml/info/id ....................................................... passed
* print xml.info.id ....................................................... passed
* print xml.info.tool.name ................................................ passed
Given def xml = ........................................................... passed
* print xml ............................................................... passed
* print xml/info/id ....................................................... passed
* print xml.info.id ....................................................... passed
* print xml.info.tool.name ................................................ passed
Given def xml = &lt;info&gt;&lt;id&gt;101&lt;/id&gt;&lt;tool&gt;&lt;name&gt;Karate&lt;/name&gt;&lt;version&gt;0.9.6&lt;/version&gt;&lt;/tool&gt;&lt;/info&gt; . passed
* print xml ............................................................... passed
* match xml.info.id == 101 ................................................ failed

Stack Trace:
com.intuit.karate.exception.KarateException: karate03.feature:30 - path: $, actual: '101', expected: '101', reason: actual value is a string&#13;
	at ✽.* match xml.info.id == 101 (karate03.feature:30)&#13;

* match xml.info.tool.name == "Karate" .................................... skipped
Given def xml = &lt;info&gt;&lt;id&gt;101&lt;/id&gt;&lt;tool&gt;&lt;name&gt;Karate&lt;/name&gt;&lt;version&gt;0.9.6&lt;/version&gt;&lt;/tool&gt;&lt;/info&gt; . passed
* match xml contains "Karate" ............................................. passed
Given def xml = &lt;info&gt;&lt;id&gt;101&lt;/id&gt;&lt;tool&gt;&lt;name&gt;Karate&lt;/name&gt;&lt;version&gt;0.9.6&lt;/version&gt;&lt;/tool&gt;&lt;/info&gt; . passed
* match xml contains "&lt;name&gt;Karate&lt;/name&gt;" ................................ passed
Given def xml = ........................................................... passed
* assert ( xml/info/tool[1]/name contains "Karate" &amp;&amp; xml/info/tool[2]/name contains "IntelliJ" ) . failed

Stack Trace:
com.intuit.karate.exception.KarateException: karate03.feature:57 - evaluation (js) failed: ( xml/info/tool[1]/name contains "Karate" &amp;&amp; xml/info/tool[2]/name contains "IntelliJ" ), javax.script.ScriptException: &lt;eval&gt;:1:24 Expected ) but found contains&#13;
( xml/info/tool[1]/name contains "Karate" &amp;&amp; xml/info/tool[2]/name contains "IntelliJ" )&#13;
                        ^ in &lt;eval&gt; at line number 1 at column number 24
stack trace: jdk.nashorn.api.scripting.NashornScriptEngine.throwAsScriptException(NashornScriptEngine.java:470)&#13;
	at ✽.* assert ( xml/info/tool[1]/name contains "Karate" &amp;&amp; xml/info/tool[2]/name contains "IntelliJ" ) (karate03.feature:57)</failure>
  </testcase>
</testsuite>
