<testsuite failures="0" name="featurefiles/karate-23_usingconfigfile.feature" skipped="0" tests="1" time="0.175253">
  <testcase classname="featurefiles.karate-23_usingconfigfile" name="Karate Config Test Case" time="0.175253">
    <system-out>Given url baseUrl ......................................................... passed
And path listUsers ........................................................ passed
When method get ........................................................... passed
Then status 200 ........................................................... passed
* print response .......................................................... passed</system-out>
  </testcase>
</testsuite>
